<?xml version="1.0" encoding="UTF-8"?>
<!-- Generated by org.testng.reporters.JUnitXMLReporter -->
<testsuite ignored="0" hostname="DESKTOP-MAQ8IR7" failures="0" tests="35" name="Test" time="9.214" errors="0" timestamp="2024-12-10T14:17:20 IST">
  <testcase classname="com.baseClass.BaseClass" name="@BeforeMethod setup" time="7.284">
    <failure type="org.openqa.selenium.SessionNotCreatedException" message="Could not start a new session. Response code 500. Message: session not created: This version of ChromeDriver only supports Chrome version 129
Current browser version is 131.0.6778.109 with binary path C:\Program Files\Google\Chrome\Application\chrome.exe 
Host info: host: &amp;apos;DESKTOP-MAQ8IR7&amp;apos;, ip: &amp;apos;162.147.132.149&amp;apos;
Build info: version: &amp;apos;4.25.0&amp;apos;, revision: &amp;apos;8a8aea2337&amp;apos;
System info: os.name: &amp;apos;Windows 10&amp;apos;, os.arch: &amp;apos;amd64&amp;apos;, os.version: &amp;apos;10.0&amp;apos;, java.version: &amp;apos;17.0.9&amp;apos;
Driver info: org.openqa.selenium.chrome.ChromeDriver
Command: [null, newSession {capabilities=[Capabilities {browserName: chrome, goog:chromeOptions: {args: [], extensions: []}}]}]">
      <![CDATA[org.openqa.selenium.SessionNotCreatedException: Could not start a new session. Response code 500. Message: session not created: This version of ChromeDriver only supports Chrome version 129
Current browser version is 131.0.6778.109 with binary path C:\Program Files\Google\Chrome\Application\chrome.exe 
Host info: host: 'DESKTOP-MAQ8IR7', ip: '162.147.132.149'
Build info: version: '4.25.0', revision: '8a8aea2337'
System info: os.name: 'Windows 10', os.arch: 'amd64', os.version: '10.0', java.version: '17.0.9'
Driver info: org.openqa.selenium.chrome.ChromeDriver
Command: [null, newSession {capabilities=[Capabilities {browserName: chrome, goog:chromeOptions: {args: [], extensions: []}}]}]
at org.openqa.selenium.remote.ProtocolHandshake.createSession(ProtocolHandshake.java:114)
at org.openqa.selenium.remote.ProtocolHandshake.createSession(ProtocolHandshake.java:75)
at org.openqa.selenium.remote.ProtocolHandshake.createSession(ProtocolHandshake.java:61)
at org.openqa.selenium.remote.HttpCommandExecutor.execute(HttpCommandExecutor.java:162)
at org.openqa.selenium.remote.service.DriverCommandExecutor.invokeExecute(DriverCommandExecutor.java:216)
at org.openqa.selenium.remote.service.DriverCommandExecutor.execute(DriverCommandExecutor.java:174)
at org.openqa.selenium.remote.RemoteWebDriver.execute(RemoteWebDriver.java:545)
at org.openqa.selenium.remote.RemoteWebDriver.startSession(RemoteWebDriver.java:245)
at org.openqa.selenium.remote.RemoteWebDriver.<init>(RemoteWebDriver.java:174)
at org.openqa.selenium.chromium.ChromiumDriver.<init>(ChromiumDriver.java:114)
at org.openqa.selenium.chrome.ChromeDriver.<init>(ChromeDriver.java:88)
at org.openqa.selenium.chrome.ChromeDriver.<init>(ChromeDriver.java:83)
at org.openqa.selenium.chrome.ChromeDriver.<init>(ChromeDriver.java:51)
at com.baseClass.BaseClass.setup(BaseClass.java:87)
at java.base/java.util.concurrent.ThreadPoolExecutor.runWorker(ThreadPoolExecutor.java:1136)
at java.base/java.util.concurrent.ThreadPoolExecutor$Worker.run(ThreadPoolExecutor.java:635)
at java.base/java.lang.Thread.run(Thread.java:840)
... Removed 16 stack frames]]>
    </failure>
  </testcase> <!-- @BeforeMethod setup -->
  <testcase classname="com.vigilEye.test.AllotPendingCaseTest" name="@BeforeMethod openBrowser" time="-1.733820439188E9">
    <skipped/>
  </testcase> <!-- @BeforeMethod openBrowser -->
  <testcase classname="com.vigilEye.test.AllotPendingCaseTest" name="@AfterMethod close" time="-1.733820439237E9">
    <skipped/>
  </testcase> <!-- @AfterMethod close -->
  <testcase classname="com.baseClass.BaseClass" name="@AfterMethod tearDown" time="-1.733820439239E9">
    <skipped/>
  </testcase> <!-- @AfterMethod tearDown -->
  <testcase classname="com.baseClass.BaseClass" name="@BeforeMethod setup" time="-1.733820439245E9">
    <skipped/>
  </testcase> <!-- @BeforeMethod setup -->
  <testcase classname="com.vigilEye.test.AllotPendingCaseTest" name="@BeforeMethod openBrowser" time="-1.733820439249E9">
    <skipped/>
  </testcase> <!-- @BeforeMethod openBrowser -->
  <testcase classname="com.vigilEye.test.AllotPendingCaseTest" name="@AfterMethod close" time="-1.733820439264E9">
    <skipped/>
  </testcase> <!-- @AfterMethod close -->
  <testcase classname="com.baseClass.BaseClass" name="@AfterMethod tearDown" time="-1.733820439267E9">
    <skipped/>
  </testcase> <!-- @AfterMethod tearDown -->
  <testcase classname="com.baseClass.BaseClass" name="@BeforeMethod setup" time="-1.733820439269E9">
    <skipped/>
  </testcase> <!-- @BeforeMethod setup -->
  <testcase classname="com.vigilEye.test.AllotPendingCaseTest" name="@BeforeMethod openBrowser" time="-1.733820439271E9">
    <skipped/>
  </testcase> <!-- @BeforeMethod openBrowser -->
  <testcase classname="com.vigilEye.test.AllotPendingCaseTest" name="@AfterMethod close" time="-1.733820439278E9">
    <skipped/>
  </testcase> <!-- @AfterMethod close -->
  <testcase classname="com.baseClass.BaseClass" name="@AfterMethod tearDown" time="-1.73382043928E9">
    <skipped/>
  </testcase> <!-- @AfterMethod tearDown -->
  <testcase classname="com.baseClass.BaseClass" name="@BeforeMethod setup" time="-1.733820439283E9">
    <skipped/>
  </testcase> <!-- @BeforeMethod setup -->
  <testcase classname="com.vigilEye.test.AllotPendingCaseTest" name="@BeforeMethod openBrowser" time="-1.733820439285E9">
    <skipped/>
  </testcase> <!-- @BeforeMethod openBrowser -->
  <testcase classname="com.vigilEye.test.AllotPendingCaseTest" name="@AfterMethod close" time="-1.733820439295E9">
    <skipped/>
  </testcase> <!-- @AfterMethod close -->
  <testcase classname="com.baseClass.BaseClass" name="@AfterMethod tearDown" time="-1.733820439299E9">
    <skipped/>
  </testcase> <!-- @AfterMethod tearDown -->
  <testcase classname="com.baseClass.BaseClass" name="@BeforeMethod setup" time="-1.733820439303E9">
    <skipped/>
  </testcase> <!-- @BeforeMethod setup -->
  <testcase classname="com.vigilEye.test.AllotPendingCaseTest" name="@BeforeMethod openBrowser" time="-1.733820439307E9">
    <skipped/>
  </testcase> <!-- @BeforeMethod openBrowser -->
  <testcase classname="com.vigilEye.test.AllotPendingCaseTest" name="@AfterMethod close" time="-1.733820439324E9">
    <skipped/>
  </testcase> <!-- @AfterMethod close -->
  <testcase classname="com.baseClass.BaseClass" name="@AfterMethod tearDown" time="-1.733820439327E9">
    <skipped/>
  </testcase> <!-- @AfterMethod tearDown -->
  <testcase classname="com.baseClass.BaseClass" name="@BeforeMethod setup" time="-1.733820439328E9">
    <skipped/>
  </testcase> <!-- @BeforeMethod setup -->
  <testcase classname="com.vigilEye.test.AllotPendingCaseTest" name="@BeforeMethod openBrowser" time="-1.733820439331E9">
    <skipped/>
  </testcase> <!-- @BeforeMethod openBrowser -->
  <testcase classname="com.baseClass.BaseClass" name="@BeforeMethod setup" time="7.445">
    <failure type="org.openqa.selenium.SessionNotCreatedException" message="Could not start a new session. Response code 500. Message: session not created: This version of ChromeDriver only supports Chrome version 129
Current browser version is 131.0.6778.109 with binary path C:\Program Files\Google\Chrome\Application\chrome.exe 
Host info: host: &amp;apos;DESKTOP-MAQ8IR7&amp;apos;, ip: &amp;apos;162.147.132.149&amp;apos;
Build info: version: &amp;apos;4.25.0&amp;apos;, revision: &amp;apos;8a8aea2337&amp;apos;
System info: os.name: &amp;apos;Windows 10&amp;apos;, os.arch: &amp;apos;amd64&amp;apos;, os.version: &amp;apos;10.0&amp;apos;, java.version: &amp;apos;17.0.9&amp;apos;
Driver info: org.openqa.selenium.chrome.ChromeDriver
Command: [null, newSession {capabilities=[Capabilities {browserName: chrome, goog:chromeOptions: {args: [], extensions: []}}]}]">
      <![CDATA[org.openqa.selenium.SessionNotCreatedException: Could not start a new session. Response code 500. Message: session not created: This version of ChromeDriver only supports Chrome version 129
Current browser version is 131.0.6778.109 with binary path C:\Program Files\Google\Chrome\Application\chrome.exe 
Host info: host: 'DESKTOP-MAQ8IR7', ip: '162.147.132.149'
Build info: version: '4.25.0', revision: '8a8aea2337'
System info: os.name: 'Windows 10', os.arch: 'amd64', os.version: '10.0', java.version: '17.0.9'
Driver info: org.openqa.selenium.chrome.ChromeDriver
Command: [null, newSession {capabilities=[Capabilities {browserName: chrome, goog:chromeOptions: {args: [], extensions: []}}]}]
at org.openqa.selenium.remote.ProtocolHandshake.createSession(ProtocolHandshake.java:114)
at org.openqa.selenium.remote.ProtocolHandshake.createSession(ProtocolHandshake.java:75)
at org.openqa.selenium.remote.ProtocolHandshake.createSession(ProtocolHandshake.java:61)
at org.openqa.selenium.remote.HttpCommandExecutor.execute(HttpCommandExecutor.java:162)
at org.openqa.selenium.remote.service.DriverCommandExecutor.invokeExecute(DriverCommandExecutor.java:216)
at org.openqa.selenium.remote.service.DriverCommandExecutor.execute(DriverCommandExecutor.java:174)
at org.openqa.selenium.remote.RemoteWebDriver.execute(RemoteWebDriver.java:545)
at org.openqa.selenium.remote.RemoteWebDriver.startSession(RemoteWebDriver.java:245)
at org.openqa.selenium.remote.RemoteWebDriver.<init>(RemoteWebDriver.java:174)
at org.openqa.selenium.chromium.ChromiumDriver.<init>(ChromiumDriver.java:114)
at org.openqa.selenium.chrome.ChromeDriver.<init>(ChromeDriver.java:88)
at org.openqa.selenium.chrome.ChromeDriver.<init>(ChromeDriver.java:83)
at org.openqa.selenium.chrome.ChromeDriver.<init>(ChromeDriver.java:51)
at com.baseClass.BaseClass.setup(BaseClass.java:87)
at java.base/java.util.concurrent.ThreadPoolExecutor.runWorker(ThreadPoolExecutor.java:1136)
at java.base/java.util.concurrent.ThreadPoolExecutor$Worker.run(ThreadPoolExecutor.java:635)
at java.base/java.lang.Thread.run(Thread.java:840)
... Removed 16 stack frames]]>
    </failure>
  </testcase> <!-- @BeforeMethod setup -->
  <testcase classname="com.vigilEye.test.AllotAttendCaseTest" name="@BeforeMethod openBrowser" time="-1.733820439338E9">
    <skipped/>
  </testcase> <!-- @BeforeMethod openBrowser -->
  <testcase classname="com.vigilEye.test.AllotAttendCaseTest" name="@AfterMethod close" time="-1.733820439345E9">
    <skipped/>
  </testcase> <!-- @AfterMethod close -->
  <testcase classname="com.baseClass.BaseClass" name="@AfterMethod tearDown" time="-1.733820439347E9">
    <skipped/>
  </testcase> <!-- @AfterMethod tearDown -->
  <testcase classname="com.baseClass.BaseClass" name="@BeforeMethod setup" time="-1.73382043935E9">
    <skipped/>
  </testcase> <!-- @BeforeMethod setup -->
  <testcase classname="com.vigilEye.test.AllotAttendCaseTest" name="@BeforeMethod openBrowser" time="-1.733820439351E9">
    <skipped/>
  </testcase> <!-- @BeforeMethod openBrowser -->
  <testcase classname="com.vigilEye.test.AllotAttendCaseTest" name="@AfterMethod close" time="-1.733820439359E9">
    <skipped/>
  </testcase> <!-- @AfterMethod close -->
  <testcase classname="com.baseClass.BaseClass" name="@AfterMethod tearDown" time="-1.733820439361E9">
    <skipped/>
  </testcase> <!-- @AfterMethod tearDown -->
  <testcase classname="com.baseClass.BaseClass" name="@BeforeMethod setup" time="-1.733820439363E9">
    <skipped/>
  </testcase> <!-- @BeforeMethod setup -->
  <testcase classname="com.vigilEye.test.AllotAttendCaseTest" name="@BeforeMethod openBrowser" time="-1.733820439364E9">
    <skipped/>
  </testcase> <!-- @BeforeMethod openBrowser -->
  <testcase classname="com.vigilEye.test.AllotPendingCaseTest" name="@AfterMethod close" time="-1.733820439369E9">
    <skipped/>
  </testcase> <!-- @AfterMethod close -->
  <testcase classname="com.baseClass.BaseClass" name="@AfterMethod tearDown" time="-1.73382043937E9">
    <skipped/>
  </testcase> <!-- @AfterMethod tearDown -->
  <testcase classname="com.vigilEye.test.AllotAttendCaseTest" name="@AfterMethod close" time="-1.733820439372E9">
    <skipped/>
  </testcase> <!-- @AfterMethod close -->
  <testcase classname="com.baseClass.BaseClass" name="@AfterMethod tearDown" time="-1.733820439374E9">
    <skipped/>
  </testcase> <!-- @AfterMethod tearDown -->
  <testcase classname="com.baseClass.BaseClass" name="@BeforeMethod setup" time="-1.733820439375E9">
    <skipped/>
  </testcase> <!-- @BeforeMethod setup -->
  <testcase classname="com.vigilEye.test.AllotAttendCaseTest" name="@BeforeMethod openBrowser" time="-1.733820439376E9">
    <skipped/>
  </testcase> <!-- @BeforeMethod openBrowser -->
  <testcase classname="com.vigilEye.test.AllotAttendCaseTest" name="@AfterMethod close" time="-1.733820439406E9">
    <skipped/>
  </testcase> <!-- @AfterMethod close -->
  <testcase classname="com.baseClass.BaseClass" name="@AfterMethod tearDown" time="-1.73382043941E9">
    <skipped/>
  </testcase> <!-- @AfterMethod tearDown -->
  <testcase classname="com.baseClass.BaseClass" name="@BeforeMethod setup" time="-1.733820439418E9">
    <skipped/>
  </testcase> <!-- @BeforeMethod setup -->
  <testcase classname="com.vigilEye.test.AllotAttendCaseTest" name="@BeforeMethod openBrowser" time="-1.73382043942E9">
    <skipped/>
  </testcase> <!-- @BeforeMethod openBrowser -->
  <testcase classname="com.vigilEye.test.AllotAttendCaseTest" name="@AfterMethod close" time="-1.733820439447E9">
    <skipped/>
  </testcase> <!-- @AfterMethod close -->
  <testcase classname="com.baseClass.BaseClass" name="@AfterMethod tearDown" time="-1.733820439464E9">
    <skipped/>
  </testcase> <!-- @AfterMethod tearDown -->
  <testcase classname="com.baseClass.BaseClass" name="@BeforeMethod setup" time="-1.733820439472E9">
    <skipped/>
  </testcase> <!-- @BeforeMethod setup -->
  <testcase classname="com.vigilEye.test.AllotAttendCaseTest" name="@BeforeMethod openBrowser" time="-1.733820439472E9">
    <skipped/>
  </testcase> <!-- @BeforeMethod openBrowser -->
  <testcase classname="com.vigilEye.test.AllotAttendCaseTest" name="@AfterMethod close" time="-1.733820439486E9">
    <skipped/>
  </testcase> <!-- @AfterMethod close -->
  <testcase classname="com.baseClass.BaseClass" name="@AfterMethod tearDown" time="-1.733820439488E9">
    <skipped/>
  </testcase> <!-- @AfterMethod tearDown -->
  <testcase classname="com.baseClass.BaseClass" name="@BeforeMethod setup" time="-1.733820439489E9">
    <skipped/>
  </testcase> <!-- @BeforeMethod setup -->
  <testcase classname="com.vigilEye.test.AllotAttendCaseTest" name="@BeforeMethod openBrowser" time="-1.733820439491E9">
    <skipped/>
  </testcase> <!-- @BeforeMethod openBrowser -->
  <testcase classname="com.vigilEye.test.AllotAttendCaseTest" name="@AfterMethod close" time="-1.733820439496E9">
    <skipped/>
  </testcase> <!-- @AfterMethod close -->
  <testcase classname="com.baseClass.BaseClass" name="@AfterMethod tearDown" time="-1.733820439499E9">
    <skipped/>
  </testcase> <!-- @AfterMethod tearDown -->
  <testcase classname="com.baseClass.BaseClass" name="@BeforeMethod setup" time="-1.733820439501E9">
    <skipped/>
  </testcase> <!-- @BeforeMethod setup -->
  <testcase classname="com.vigilEye.test.AllotAttendCaseTest" name="@BeforeMethod openBrowser" time="-1.733820439503E9">
    <skipped/>
  </testcase> <!-- @BeforeMethod openBrowser -->
  <testcase classname="com.vigilEye.test.AllotAttendCaseTest" name="@AfterMethod close" time="-1.733820439511E9">
    <skipped/>
  </testcase> <!-- @AfterMethod close -->
  <testcase classname="com.baseClass.BaseClass" name="@AfterMethod tearDown" time="-1.733820439514E9">
    <skipped/>
  </testcase> <!-- @AfterMethod tearDown -->
  <testcase classname="com.baseClass.BaseClass" name="@BeforeMethod setup" time="-1.733820439517E9">
    <skipped/>
  </testcase> <!-- @BeforeMethod setup -->
  <testcase classname="com.vigilEye.test.AllotAttendCaseTest" name="@BeforeMethod openBrowser" time="-1.73382043952E9">
    <skipped/>
  </testcase> <!-- @BeforeMethod openBrowser -->
  <testcase classname="com.vigilEye.test.AllotAttendCaseTest" name="@AfterMethod close" time="-1.733820439545E9">
    <skipped/>
  </testcase> <!-- @AfterMethod close -->
  <testcase classname="com.baseClass.BaseClass" name="@AfterMethod tearDown" time="-1.733820439554E9">
    <skipped/>
  </testcase> <!-- @AfterMethod tearDown -->
  <testcase classname="com.baseClass.BaseClass" name="@BeforeMethod setup" time="-1.733820439556E9">
    <skipped/>
  </testcase> <!-- @BeforeMethod setup -->
  <testcase classname="com.vigilEye.test.AllotAttendCaseTest" name="@BeforeMethod openBrowser" time="-1.733820439559E9">
    <skipped/>
  </testcase> <!-- @BeforeMethod openBrowser -->
  <testcase classname="com.vigilEye.test.AllotAttendCaseTest" name="@AfterMethod close" time="-1.733820439576E9">
    <skipped/>
  </testcase> <!-- @AfterMethod close -->
  <testcase classname="com.baseClass.BaseClass" name="@AfterMethod tearDown" time="-1.733820439578E9">
    <skipped/>
  </testcase> <!-- @AfterMethod tearDown -->
  <testcase classname="com.baseClass.BaseClass" name="@BeforeMethod setup" time="-1.733820439583E9">
    <skipped/>
  </testcase> <!-- @BeforeMethod setup -->
  <testcase classname="com.vigilEye.test.AllotAttendCaseTest" name="@BeforeMethod openBrowser" time="-1.733820439584E9">
    <skipped/>
  </testcase> <!-- @BeforeMethod openBrowser -->
  <testcase classname="com.vigilEye.test.AllotAttendCaseTest" name="@AfterMethod close" time="-1.733820439591E9">
    <skipped/>
  </testcase> <!-- @AfterMethod close -->
  <testcase classname="com.baseClass.BaseClass" name="@AfterMethod tearDown" time="-1.733820439594E9">
    <skipped/>
  </testcase> <!-- @AfterMethod tearDown -->
  <testcase classname="com.baseClass.BaseClass" name="@BeforeMethod setup" time="8.127">
    <failure type="org.openqa.selenium.SessionNotCreatedException" message="Could not start a new session. Response code 500. Message: session not created: This version of ChromeDriver only supports Chrome version 129
Current browser version is 131.0.6778.109 with binary path C:\Program Files\Google\Chrome\Application\chrome.exe 
Host info: host: &amp;apos;DESKTOP-MAQ8IR7&amp;apos;, ip: &amp;apos;162.147.132.149&amp;apos;
Build info: version: &amp;apos;4.25.0&amp;apos;, revision: &amp;apos;8a8aea2337&amp;apos;
System info: os.name: &amp;apos;Windows 10&amp;apos;, os.arch: &amp;apos;amd64&amp;apos;, os.version: &amp;apos;10.0&amp;apos;, java.version: &amp;apos;17.0.9&amp;apos;
Driver info: org.openqa.selenium.chrome.ChromeDriver
Command: [null, newSession {capabilities=[Capabilities {browserName: chrome, goog:chromeOptions: {args: [], extensions: []}}]}]">
      <![CDATA[org.openqa.selenium.SessionNotCreatedException: Could not start a new session. Response code 500. Message: session not created: This version of ChromeDriver only supports Chrome version 129
Current browser version is 131.0.6778.109 with binary path C:\Program Files\Google\Chrome\Application\chrome.exe 
Host info: host: 'DESKTOP-MAQ8IR7', ip: '162.147.132.149'
Build info: version: '4.25.0', revision: '8a8aea2337'
System info: os.name: 'Windows 10', os.arch: 'amd64', os.version: '10.0', java.version: '17.0.9'
Driver info: org.openqa.selenium.chrome.ChromeDriver
Command: [null, newSession {capabilities=[Capabilities {browserName: chrome, goog:chromeOptions: {args: [], extensions: []}}]}]
at org.openqa.selenium.remote.ProtocolHandshake.createSession(ProtocolHandshake.java:114)
at org.openqa.selenium.remote.ProtocolHandshake.createSession(ProtocolHandshake.java:75)
at org.openqa.selenium.remote.ProtocolHandshake.createSession(ProtocolHandshake.java:61)
at org.openqa.selenium.remote.HttpCommandExecutor.execute(HttpCommandExecutor.java:162)
at org.openqa.selenium.remote.service.DriverCommandExecutor.invokeExecute(DriverCommandExecutor.java:216)
at org.openqa.selenium.remote.service.DriverCommandExecutor.execute(DriverCommandExecutor.java:174)
at org.openqa.selenium.remote.RemoteWebDriver.execute(RemoteWebDriver.java:545)
at org.openqa.selenium.remote.RemoteWebDriver.startSession(RemoteWebDriver.java:245)
at org.openqa.selenium.remote.RemoteWebDriver.<init>(RemoteWebDriver.java:174)
at org.openqa.selenium.chromium.ChromiumDriver.<init>(ChromiumDriver.java:114)
at org.openqa.selenium.chrome.ChromeDriver.<init>(ChromeDriver.java:88)
at org.openqa.selenium.chrome.ChromeDriver.<init>(ChromeDriver.java:83)
at org.openqa.selenium.chrome.ChromeDriver.<init>(ChromeDriver.java:51)
at com.baseClass.BaseClass.setup(BaseClass.java:87)
at java.base/java.util.concurrent.ThreadPoolExecutor.runWorker(ThreadPoolExecutor.java:1136)
at java.base/java.util.concurrent.ThreadPoolExecutor$Worker.run(ThreadPoolExecutor.java:635)
at java.base/java.lang.Thread.run(Thread.java:840)
... Removed 16 stack frames]]>
    </failure>
  </testcase> <!-- @BeforeMethod setup -->
  <testcase classname="com.vigilEye.test.AssessmentFeedingCaseTest" name="@BeforeMethod openBrowser" time="-1.733820440025E9">
    <skipped/>
  </testcase> <!-- @BeforeMethod openBrowser -->
  <testcase classname="com.vigilEye.test.AssessmentFeedingCaseTest" name="@AfterMethod close" time="-1.733820440029E9">
    <skipped/>
  </testcase> <!-- @AfterMethod close -->
  <testcase classname="com.baseClass.BaseClass" name="@AfterMethod tearDown" time="-1.73382044003E9">
    <skipped/>
  </testcase> <!-- @AfterMethod tearDown -->
  <testcase classname="com.baseClass.BaseClass" name="@BeforeMethod setup" time="-1.733820440032E9">
    <skipped/>
  </testcase> <!-- @BeforeMethod setup -->
  <testcase classname="com.vigilEye.test.AssessmentFeedingCaseTest" name="@BeforeMethod openBrowser" time="-1.733820440033E9">
    <skipped/>
  </testcase> <!-- @BeforeMethod openBrowser -->
  <testcase classname="com.vigilEye.test.AssessmentFeedingCaseTest" name="@AfterMethod close" time="-1.733820440038E9">
    <skipped/>
  </testcase> <!-- @AfterMethod close -->
  <testcase classname="com.baseClass.BaseClass" name="@AfterMethod tearDown" time="-1.733820440039E9">
    <skipped/>
  </testcase> <!-- @AfterMethod tearDown -->
  <testcase classname="com.baseClass.BaseClass" name="@BeforeMethod setup" time="-1.73382044004E9">
    <skipped/>
  </testcase> <!-- @BeforeMethod setup -->
  <testcase classname="com.vigilEye.test.AssessmentFeedingCaseTest" name="@BeforeMethod openBrowser" time="-1.733820440041E9">
    <skipped/>
  </testcase> <!-- @BeforeMethod openBrowser -->
  <testcase classname="com.vigilEye.test.AssessmentFeedingCaseTest" name="@AfterMethod close" time="-1.733820440046E9">
    <skipped/>
  </testcase> <!-- @AfterMethod close -->
  <testcase classname="com.baseClass.BaseClass" name="@AfterMethod tearDown" time="-1.733820440047E9">
    <skipped/>
  </testcase> <!-- @AfterMethod tearDown -->
  <testcase classname="com.baseClass.BaseClass" name="@BeforeMethod setup" time="-1.733820440048E9">
    <skipped/>
  </testcase> <!-- @BeforeMethod setup -->
  <testcase classname="com.vigilEye.test.AssessmentFeedingCaseTest" name="@BeforeMethod openBrowser" time="-1.733820440049E9">
    <skipped/>
  </testcase> <!-- @BeforeMethod openBrowser -->
  <testcase classname="com.vigilEye.test.AssessmentFeedingCaseTest" name="@AfterMethod close" time="-1.733820440055E9">
    <skipped/>
  </testcase> <!-- @AfterMethod close -->
  <testcase classname="com.baseClass.BaseClass" name="@AfterMethod tearDown" time="-1.73382044006E9">
    <skipped/>
  </testcase> <!-- @AfterMethod tearDown -->
  <testcase classname="com.baseClass.BaseClass" name="@BeforeMethod setup" time="-1.733820440062E9">
    <skipped/>
  </testcase> <!-- @BeforeMethod setup -->
  <testcase classname="com.vigilEye.test.AssessmentFeedingCaseTest" name="@BeforeMethod openBrowser" time="-1.733820440064E9">
    <skipped/>
  </testcase> <!-- @BeforeMethod openBrowser -->
  <testcase classname="com.vigilEye.test.AssessmentFeedingCaseTest" name="@AfterMethod close" time="-1.733820440076E9">
    <skipped/>
  </testcase> <!-- @AfterMethod close -->
  <testcase classname="com.baseClass.BaseClass" name="@AfterMethod tearDown" time="-1.733820440078E9">
    <skipped/>
  </testcase> <!-- @AfterMethod tearDown -->
  <testcase classname="com.baseClass.BaseClass" name="@BeforeMethod setup" time="-1.733820440079E9">
    <skipped/>
  </testcase> <!-- @BeforeMethod setup -->
  <testcase classname="com.vigilEye.test.AssessmentFeedingCaseTest" name="@BeforeMethod openBrowser" time="-1.733820440081E9">
    <skipped/>
  </testcase> <!-- @BeforeMethod openBrowser -->
  <testcase classname="com.vigilEye.test.AssessmentFeedingCaseTest" name="@AfterMethod close" time="-1.733820440086E9">
    <skipped/>
  </testcase> <!-- @AfterMethod close -->
  <testcase classname="com.baseClass.BaseClass" name="@AfterMethod tearDown" time="-1.733820440088E9">
    <skipped/>
  </testcase> <!-- @AfterMethod tearDown -->
  <testcase classname="com.baseClass.BaseClass" name="@BeforeMethod setup" time="-1.733820440089E9">
    <skipped/>
  </testcase> <!-- @BeforeMethod setup -->
  <testcase classname="com.vigilEye.test.AssessmentFeedingCaseTest" name="@BeforeMethod openBrowser" time="-1.73382044009E9">
    <skipped/>
  </testcase> <!-- @BeforeMethod openBrowser -->
  <testcase classname="com.vigilEye.test.AssessmentFeedingCaseTest" name="@AfterMethod close" time="-1.733820440096E9">
    <skipped/>
  </testcase> <!-- @AfterMethod close -->
  <testcase classname="com.baseClass.BaseClass" name="@AfterMethod tearDown" time="-1.733820440097E9">
    <skipped/>
  </testcase> <!-- @AfterMethod tearDown -->
  <testcase classname="com.baseClass.BaseClass" name="@BeforeMethod setup" time="8.284">
    <failure type="org.openqa.selenium.SessionNotCreatedException" message="Could not start a new session. Response code 500. Message: session not created: This version of ChromeDriver only supports Chrome version 129
Current browser version is 131.0.6778.109 with binary path C:\Program Files\Google\Chrome\Application\chrome.exe 
Host info: host: &amp;apos;DESKTOP-MAQ8IR7&amp;apos;, ip: &amp;apos;162.147.132.149&amp;apos;
Build info: version: &amp;apos;4.25.0&amp;apos;, revision: &amp;apos;8a8aea2337&amp;apos;
System info: os.name: &amp;apos;Windows 10&amp;apos;, os.arch: &amp;apos;amd64&amp;apos;, os.version: &amp;apos;10.0&amp;apos;, java.version: &amp;apos;17.0.9&amp;apos;
Driver info: org.openqa.selenium.chrome.ChromeDriver
Command: [null, newSession {capabilities=[Capabilities {browserName: chrome, goog:chromeOptions: {args: [], extensions: []}}]}]">
      <![CDATA[org.openqa.selenium.SessionNotCreatedException: Could not start a new session. Response code 500. Message: session not created: This version of ChromeDriver only supports Chrome version 129
Current browser version is 131.0.6778.109 with binary path C:\Program Files\Google\Chrome\Application\chrome.exe 
Host info: host: 'DESKTOP-MAQ8IR7', ip: '162.147.132.149'
Build info: version: '4.25.0', revision: '8a8aea2337'
System info: os.name: 'Windows 10', os.arch: 'amd64', os.version: '10.0', java.version: '17.0.9'
Driver info: org.openqa.selenium.chrome.ChromeDriver
Command: [null, newSession {capabilities=[Capabilities {browserName: chrome, goog:chromeOptions: {args: [], extensions: []}}]}]
at org.openqa.selenium.remote.ProtocolHandshake.createSession(ProtocolHandshake.java:114)
at org.openqa.selenium.remote.ProtocolHandshake.createSession(ProtocolHandshake.java:75)
at org.openqa.selenium.remote.ProtocolHandshake.createSession(ProtocolHandshake.java:61)
at org.openqa.selenium.remote.HttpCommandExecutor.execute(HttpCommandExecutor.java:162)
at org.openqa.selenium.remote.service.DriverCommandExecutor.invokeExecute(DriverCommandExecutor.java:216)
at org.openqa.selenium.remote.service.DriverCommandExecutor.execute(DriverCommandExecutor.java:174)
at org.openqa.selenium.remote.RemoteWebDriver.execute(RemoteWebDriver.java:545)
at org.openqa.selenium.remote.RemoteWebDriver.startSession(RemoteWebDriver.java:245)
at org.openqa.selenium.remote.RemoteWebDriver.<init>(RemoteWebDriver.java:174)
at org.openqa.selenium.chromium.ChromiumDriver.<init>(ChromiumDriver.java:114)
at org.openqa.selenium.chrome.ChromeDriver.<init>(ChromeDriver.java:88)
at org.openqa.selenium.chrome.ChromeDriver.<init>(ChromeDriver.java:83)
at org.openqa.selenium.chrome.ChromeDriver.<init>(ChromeDriver.java:51)
at com.baseClass.BaseClass.setup(BaseClass.java:87)
at java.base/java.util.concurrent.ThreadPoolExecutor.runWorker(ThreadPoolExecutor.java:1136)
at java.base/java.util.concurrent.ThreadPoolExecutor$Worker.run(ThreadPoolExecutor.java:635)
at java.base/java.lang.Thread.run(Thread.java:840)
... Removed 16 stack frames]]>
    </failure>
  </testcase> <!-- @BeforeMethod setup -->
  <testcase classname="com.vigilEye.test.AssessmentApprovalTest" name="@BeforeMethod openBrowser" time="-1.733820440184E9">
    <skipped/>
  </testcase> <!-- @BeforeMethod openBrowser -->
  <testcase classname="com.vigilEye.test.AssessmentApprovalTest" name="@AfterMethod close" time="-1.733820440191E9">
    <skipped/>
  </testcase> <!-- @AfterMethod close -->
  <testcase classname="com.baseClass.BaseClass" name="@AfterMethod tearDown" time="-1.733820440193E9">
    <skipped/>
  </testcase> <!-- @AfterMethod tearDown -->
  <testcase classname="com.baseClass.BaseClass" name="@BeforeMethod setup" time="-1.733820440194E9">
    <skipped/>
  </testcase> <!-- @BeforeMethod setup -->
  <testcase classname="com.vigilEye.test.AssessmentApprovalTest" name="@BeforeMethod openBrowser" time="-1.733820440195E9">
    <skipped/>
  </testcase> <!-- @BeforeMethod openBrowser -->
  <testcase classname="com.vigilEye.test.AssessmentApprovalTest" name="@AfterMethod close" time="-1.7338204402E9">
    <skipped/>
  </testcase> <!-- @AfterMethod close -->
  <testcase classname="com.baseClass.BaseClass" name="@AfterMethod tearDown" time="-1.733820440201E9">
    <skipped/>
  </testcase> <!-- @AfterMethod tearDown -->
  <testcase classname="com.baseClass.BaseClass" name="@BeforeMethod setup" time="-1.733820440203E9">
    <skipped/>
  </testcase> <!-- @BeforeMethod setup -->
  <testcase classname="com.vigilEye.test.AssessmentApprovalTest" name="@BeforeMethod openBrowser" time="-1.733820440204E9">
    <skipped/>
  </testcase> <!-- @BeforeMethod openBrowser -->
  <testcase classname="com.vigilEye.test.AssessmentApprovalTest" name="@AfterMethod close" time="-1.733820440209E9">
    <skipped/>
  </testcase> <!-- @AfterMethod close -->
  <testcase classname="com.baseClass.BaseClass" name="@AfterMethod tearDown" time="-1.73382044021E9">
    <skipped/>
  </testcase> <!-- @AfterMethod tearDown -->
  <testcase classname="com.baseClass.BaseClass" name="@BeforeMethod setup" time="-1.733820440213E9">
    <skipped/>
  </testcase> <!-- @BeforeMethod setup -->
  <testcase classname="com.vigilEye.test.AssessmentApprovalTest" name="@BeforeMethod openBrowser" time="-1.733820440214E9">
    <skipped/>
  </testcase> <!-- @BeforeMethod openBrowser -->
  <testcase classname="com.vigilEye.test.AssessmentApprovalTest" name="@AfterMethod close" time="-1.733820440224E9">
    <skipped/>
  </testcase> <!-- @AfterMethod close -->
  <testcase classname="com.baseClass.BaseClass" name="@AfterMethod tearDown" time="-1.733820440226E9">
    <skipped/>
  </testcase> <!-- @AfterMethod tearDown -->
  <testcase classname="com.baseClass.BaseClass" name="@BeforeMethod setup" time="-1.733820440228E9">
    <skipped/>
  </testcase> <!-- @BeforeMethod setup -->
  <testcase classname="com.vigilEye.test.AssessmentApprovalTest" name="@BeforeMethod openBrowser" time="-1.733820440229E9">
    <skipped/>
  </testcase> <!-- @BeforeMethod openBrowser -->
  <testcase classname="com.vigilEye.test.AssessmentApprovalTest" name="@AfterMethod close" time="-1.733820440234E9">
    <skipped/>
  </testcase> <!-- @AfterMethod close -->
  <testcase classname="com.baseClass.BaseClass" name="@AfterMethod tearDown" time="-1.733820440235E9">
    <skipped/>
  </testcase> <!-- @AfterMethod tearDown -->
  <testcase classname="com.baseClass.BaseClass" name="@BeforeMethod setup" time="-1.733820440237E9">
    <skipped/>
  </testcase> <!-- @BeforeMethod setup -->
  <testcase classname="com.vigilEye.test.AssessmentApprovalTest" name="@BeforeMethod openBrowser" time="-1.733820440238E9">
    <skipped/>
  </testcase> <!-- @BeforeMethod openBrowser -->
  <testcase classname="com.vigilEye.test.AssessmentApprovalTest" name="@AfterMethod close" time="-1.733820440245E9">
    <skipped/>
  </testcase> <!-- @AfterMethod close -->
  <testcase classname="com.baseClass.BaseClass" name="@AfterMethod tearDown" time="-1.733820440246E9">
    <skipped/>
  </testcase> <!-- @AfterMethod tearDown -->
  <testcase classname="com.baseClass.BaseClass" name="@BeforeMethod setup" time="-1.733820440248E9">
    <skipped/>
  </testcase> <!-- @BeforeMethod setup -->
  <testcase classname="com.vigilEye.test.AssessmentApprovalTest" name="@BeforeMethod openBrowser" time="-1.733820440249E9">
    <skipped/>
  </testcase> <!-- @BeforeMethod openBrowser -->
  <testcase classname="com.vigilEye.test.AssessmentApprovalTest" name="@AfterMethod close" time="-1.733820440253E9">
    <skipped/>
  </testcase> <!-- @AfterMethod close -->
  <testcase classname="com.baseClass.BaseClass" name="@AfterMethod tearDown" time="-1.733820440254E9">
    <skipped/>
  </testcase> <!-- @AfterMethod tearDown -->
  <testcase classname="com.baseClass.BaseClass" name="@BeforeMethod setup" time="8.638">
    <failure type="org.openqa.selenium.SessionNotCreatedException" message="Could not start a new session. Response code 500. Message: session not created: This version of ChromeDriver only supports Chrome version 129
Current browser version is 131.0.6778.109 with binary path C:\Program Files\Google\Chrome\Application\chrome.exe 
Host info: host: &amp;apos;DESKTOP-MAQ8IR7&amp;apos;, ip: &amp;apos;162.147.132.149&amp;apos;
Build info: version: &amp;apos;4.25.0&amp;apos;, revision: &amp;apos;8a8aea2337&amp;apos;
System info: os.name: &amp;apos;Windows 10&amp;apos;, os.arch: &amp;apos;amd64&amp;apos;, os.version: &amp;apos;10.0&amp;apos;, java.version: &amp;apos;17.0.9&amp;apos;
Driver info: org.openqa.selenium.chrome.ChromeDriver
Command: [null, newSession {capabilities=[Capabilities {browserName: chrome, goog:chromeOptions: {args: [], extensions: []}}]}]">
      <![CDATA[org.openqa.selenium.SessionNotCreatedException: Could not start a new session. Response code 500. Message: session not created: This version of ChromeDriver only supports Chrome version 129
Current browser version is 131.0.6778.109 with binary path C:\Program Files\Google\Chrome\Application\chrome.exe 
Host info: host: 'DESKTOP-MAQ8IR7', ip: '162.147.132.149'
Build info: version: '4.25.0', revision: '8a8aea2337'
System info: os.name: 'Windows 10', os.arch: 'amd64', os.version: '10.0', java.version: '17.0.9'
Driver info: org.openqa.selenium.chrome.ChromeDriver
Command: [null, newSession {capabilities=[Capabilities {browserName: chrome, goog:chromeOptions: {args: [], extensions: []}}]}]
at org.openqa.selenium.remote.ProtocolHandshake.createSession(ProtocolHandshake.java:114)
at org.openqa.selenium.remote.ProtocolHandshake.createSession(ProtocolHandshake.java:75)
at org.openqa.selenium.remote.ProtocolHandshake.createSession(ProtocolHandshake.java:61)
at org.openqa.selenium.remote.HttpCommandExecutor.execute(HttpCommandExecutor.java:162)
at org.openqa.selenium.remote.service.DriverCommandExecutor.invokeExecute(DriverCommandExecutor.java:216)
at org.openqa.selenium.remote.service.DriverCommandExecutor.execute(DriverCommandExecutor.java:174)
at org.openqa.selenium.remote.RemoteWebDriver.execute(RemoteWebDriver.java:545)
at org.openqa.selenium.remote.RemoteWebDriver.startSession(RemoteWebDriver.java:245)
at org.openqa.selenium.remote.RemoteWebDriver.<init>(RemoteWebDriver.java:174)
at org.openqa.selenium.chromium.ChromiumDriver.<init>(ChromiumDriver.java:114)
at org.openqa.selenium.chrome.ChromeDriver.<init>(ChromeDriver.java:88)
at org.openqa.selenium.chrome.ChromeDriver.<init>(ChromeDriver.java:83)
at org.openqa.selenium.chrome.ChromeDriver.<init>(ChromeDriver.java:51)
at com.baseClass.BaseClass.setup(BaseClass.java:87)
at java.base/java.util.concurrent.ThreadPoolExecutor.runWorker(ThreadPoolExecutor.java:1136)
at java.base/java.util.concurrent.ThreadPoolExecutor$Worker.run(ThreadPoolExecutor.java:635)
at java.base/java.lang.Thread.run(Thread.java:840)
... Removed 16 stack frames]]>
    </failure>
  </testcase> <!-- @BeforeMethod setup -->
  <testcase classname="com.vigilEye.test.Irregularities_Field_Test" name="@BeforeMethod openBrowser" time="-1.733820440539E9">
    <skipped/>
  </testcase> <!-- @BeforeMethod openBrowser -->
  <testcase classname="com.vigilEye.test.Irregularities_Field_Test" name="@AfterMethod close" time="-1.733820440547E9">
    <skipped/>
  </testcase> <!-- @AfterMethod close -->
  <testcase classname="com.baseClass.BaseClass" name="@AfterMethod tearDown" time="-1.733820440548E9">
    <skipped/>
  </testcase> <!-- @AfterMethod tearDown -->
  <testcase classname="com.baseClass.BaseClass" name="@BeforeMethod setup" time="-1.733820440552E9">
    <skipped/>
  </testcase> <!-- @BeforeMethod setup -->
  <testcase classname="com.vigilEye.test.Irregularities_Field_Test" name="@BeforeMethod openBrowser" time="-1.733820440553E9">
    <skipped/>
  </testcase> <!-- @BeforeMethod openBrowser -->
  <testcase classname="com.vigilEye.test.Irregularities_Field_Test" name="@AfterMethod close" time="-1.733820440558E9">
    <skipped/>
  </testcase> <!-- @AfterMethod close -->
  <testcase classname="com.baseClass.BaseClass" name="@AfterMethod tearDown" time="-1.733820440559E9">
    <skipped/>
  </testcase> <!-- @AfterMethod tearDown -->
  <testcase classname="com.baseClass.BaseClass" name="@BeforeMethod setup" time="-1.733820440561E9">
    <skipped/>
  </testcase> <!-- @BeforeMethod setup -->
  <testcase classname="com.vigilEye.test.Irregularities_Field_Test" name="@BeforeMethod openBrowser" time="-1.733820440562E9">
    <skipped/>
  </testcase> <!-- @BeforeMethod openBrowser -->
  <testcase classname="com.vigilEye.test.Irregularities_Field_Test" name="@AfterMethod close" time="-1.733820440566E9">
    <skipped/>
  </testcase> <!-- @AfterMethod close -->
  <testcase classname="com.baseClass.BaseClass" name="@AfterMethod tearDown" time="-1.733820440568E9">
    <skipped/>
  </testcase> <!-- @AfterMethod tearDown -->
  <testcase classname="com.baseClass.BaseClass" name="@BeforeMethod setup" time="-1.73382044057E9">
    <skipped/>
  </testcase> <!-- @BeforeMethod setup -->
  <testcase classname="com.vigilEye.test.Irregularities_Field_Test" name="@BeforeMethod openBrowser" time="-1.73382044057E9">
    <skipped/>
  </testcase> <!-- @BeforeMethod openBrowser -->
  <testcase classname="com.vigilEye.test.Irregularities_Field_Test" name="@AfterMethod close" time="-1.733820440574E9">
    <skipped/>
  </testcase> <!-- @AfterMethod close -->
  <testcase classname="com.baseClass.BaseClass" name="@AfterMethod tearDown" time="-1.733820440575E9">
    <skipped/>
  </testcase> <!-- @AfterMethod tearDown -->
  <testcase classname="com.vigilEye.test.AllotPendingCaseTest" name="toVerifyAllotPendingCasesIsDisplaying" time="0.0">
    <skipped/>
  </testcase> <!-- toVerifyAllotPendingCasesIsDisplaying -->
  <testcase classname="com.vigilEye.test.AllotPendingCaseTest" name="toVerifyClickOnAllotPendingCaseMenu" time="0.0">
    <skipped/>
  </testcase> <!-- toVerifyClickOnAllotPendingCaseMenu -->
  <testcase classname="com.vigilEye.test.AllotPendingCaseTest" name="toverifyHeaderName" time="0.0">
    <skipped/>
  </testcase> <!-- toverifyHeaderName -->
  <testcase classname="com.vigilEye.test.AllotPendingCaseTest" name="toverifyCountOfAllotPendingCase" time="0.0">
    <skipped/>
  </testcase> <!-- toverifyCountOfAllotPendingCase -->
  <testcase classname="com.vigilEye.test.AllotPendingCaseTest" name="toverifySearchOptionIsWorkingAndFetchedDetailsFromTable" time="0.0">
    <skipped/>
  </testcase> <!-- toverifySearchOptionIsWorkingAndFetchedDetailsFromTable -->
  <testcase classname="com.vigilEye.test.AllotPendingCaseTest" name="toverifydownloadReportInExcelFormat" time="0.0">
    <skipped/>
  </testcase> <!-- toverifydownloadReportInExcelFormat -->
  <testcase classname="com.vigilEye.test.AllotAttendCaseTest" name="toVerifyAllotAttendCasesIsDisplaying" time="0.0">
    <skipped/>
  </testcase> <!-- toVerifyAllotAttendCasesIsDisplaying -->
  <testcase classname="com.vigilEye.test.AllotAttendCaseTest" name="toVerifyClickOnAllotAttendCaseMenu" time="0.0">
    <skipped/>
  </testcase> <!-- toVerifyClickOnAllotAttendCaseMenu -->
  <testcase classname="com.vigilEye.test.AllotAttendCaseTest" name="toverifyHeaderName" time="0.0">
    <skipped/>
  </testcase> <!-- toverifyHeaderName -->
  <testcase classname="com.vigilEye.test.AllotAttendCaseTest" name="toverifyCountOfAllotAttendCase" time="0.0">
    <skipped/>
  </testcase> <!-- toverifyCountOfAllotAttendCase -->
  <testcase classname="com.vigilEye.test.AllotAttendCaseTest" name="toverifySearchOptionIsWorkingAndFetchedDetailsFromTable" time="0.0">
    <skipped/>
  </testcase> <!-- toverifySearchOptionIsWorkingAndFetchedDetailsFromTable -->
  <testcase classname="com.vigilEye.test.AllotAttendCaseTest" name="toverifyAttendConsumerDetailsIsFetchedDetailsFromTable" time="0.0">
    <skipped/>
  </testcase> <!-- toverifyAttendConsumerDetailsIsFetchedDetailsFromTable -->
  <testcase classname="com.vigilEye.test.AllotAttendCaseTest" name="toverifyAttendMarkingDetailsIsFetchedDetailsFromTable" time="0.0">
    <skipped/>
  </testcase> <!-- toverifyAttendMarkingDetailsIsFetchedDetailsFromTable -->
  <testcase classname="com.vigilEye.test.AllotAttendCaseTest" name="tofetchedFieldIrregularitiesforMainMeter" time="0.001">
    <skipped/>
  </testcase> <!-- tofetchedFieldIrregularitiesforMainMeter -->
  <testcase classname="com.vigilEye.test.AllotAttendCaseTest" name="tofetchedFieldIrregularitiesforPoleMeter" time="0.0">
    <skipped/>
  </testcase> <!-- tofetchedFieldIrregularitiesforPoleMeter -->
  <testcase classname="com.vigilEye.test.AllotAttendCaseTest" name="toverifyWithoutTakeActionthenAlertMessageIsDisplayed" time="0.0">
    <skipped/>
  </testcase> <!-- toverifyWithoutTakeActionthenAlertMessageIsDisplayed -->
  <testcase classname="com.vigilEye.test.AllotAttendCaseTest" name="toverifythatTakeActionToAllotedAttendCases" time="0.0">
    <skipped/>
  </testcase> <!-- toverifythatTakeActionToAllotedAttendCases -->
  <testcase classname="com.vigilEye.test.AssessmentFeedingCaseTest" name="toVerifyAssessmentFeedingIsDisplaying" time="0.0">
    <skipped/>
  </testcase> <!-- toVerifyAssessmentFeedingIsDisplaying -->
  <testcase classname="com.vigilEye.test.AssessmentFeedingCaseTest" name="toVerifyClickOnAssessmentFeedingCaseMenu" time="0.0">
    <skipped/>
  </testcase> <!-- toVerifyClickOnAssessmentFeedingCaseMenu -->
  <testcase classname="com.vigilEye.test.AssessmentFeedingCaseTest" name="toverifyHeaderName" time="0.0">
    <skipped/>
  </testcase> <!-- toverifyHeaderName -->
  <testcase classname="com.vigilEye.test.AssessmentFeedingCaseTest" name="toveriyCountOfAssessmentApprovalCase" time="0.0">
    <skipped/>
  </testcase> <!-- toveriyCountOfAssessmentApprovalCase -->
  <testcase classname="com.vigilEye.test.AssessmentFeedingCaseTest" name="toveriyfetchedAssessmentAprovedCaseDetailsFromTable" time="0.0">
    <skipped/>
  </testcase> <!-- toveriyfetchedAssessmentAprovedCaseDetailsFromTable -->
  <testcase classname="com.vigilEye.test.AssessmentFeedingCaseTest" name="AssessmentFeeding" time="0.0">
    <skipped/>
  </testcase> <!-- AssessmentFeeding -->
  <testcase classname="com.vigilEye.test.AssessmentFeedingCaseTest" name="SavedAssessmentFeedingCaseDetailsInExcelFile" time="0.0">
    <skipped/>
  </testcase> <!-- SavedAssessmentFeedingCaseDetailsInExcelFile -->
  <testcase classname="com.vigilEye.test.AssessmentApprovalTest" name="toVerifyAssessmentApprovalIsDisplaying" time="0.0">
    <skipped/>
  </testcase> <!-- toVerifyAssessmentApprovalIsDisplaying -->
  <testcase classname="com.vigilEye.test.AssessmentApprovalTest" name="toVerifyClickOnAssessmentApprovalCaseMenu" time="0.001">
    <skipped/>
  </testcase> <!-- toVerifyClickOnAssessmentApprovalCaseMenu -->
  <testcase classname="com.vigilEye.test.AssessmentApprovalTest" name="toverifyHeaderName" time="0.0">
    <skipped/>
  </testcase> <!-- toverifyHeaderName -->
  <testcase classname="com.vigilEye.test.AssessmentApprovalTest" name="toveriyCountOfAssessmentApprovalCase" time="0.0">
    <skipped/>
  </testcase> <!-- toveriyCountOfAssessmentApprovalCase -->
  <testcase classname="com.vigilEye.test.AssessmentApprovalTest" name="toveriyWithoutEnterRemarkAndClickOnSubmitButtonThenAlertMessageIsDisplaying" time="0.0">
    <skipped/>
  </testcase> <!-- toveriyWithoutEnterRemarkAndClickOnSubmitButtonThenAlertMessageIsDisplaying -->
  <testcase classname="com.vigilEye.test.AssessmentApprovalTest" name="toveriyEnterRemarkAndClickOnSubmitButtonThenDataIsSavedInTable" time="0.0">
    <skipped/>
  </testcase> <!-- toveriyEnterRemarkAndClickOnSubmitButtonThenDataIsSavedInTable -->
  <testcase classname="com.vigilEye.test.AssessmentApprovalTest" name="toSavedAssessmentProposedDetailsInExcelFile" time="0.0">
    <skipped/>
  </testcase> <!-- toSavedAssessmentProposedDetailsInExcelFile -->
  <testcase classname="com.vigilEye.test.Irregularities_Field_Test" name="toverifyAlertMessage" time="0.0">
    <skipped/>
  </testcase> <!-- toverifyAlertMessage -->
  <testcase classname="com.vigilEye.test.Irregularities_Field_Test" name="toFillTheIrregularitiesOfMainMeter" time="0.0">
    <skipped/>
  </testcase> <!-- toFillTheIrregularitiesOfMainMeter -->
  <testcase classname="com.vigilEye.test.Irregularities_Field_Test" name="toverifyFillIrregularitiesOfPoleMeterWithoutFieldMainMeterIrreggularities" time="0.0">
    <skipped/>
  </testcase> <!-- toverifyFillIrregularitiesOfPoleMeterWithoutFieldMainMeterIrreggularities -->
  <testcase classname="com.vigilEye.test.Irregularities_Field_Test" name="toverifyIrregularitiesfiledMainMeterAndPoleMeter" time="0.0">
    <skipped/>
  </testcase> <!-- toverifyIrregularitiesfiledMainMeterAndPoleMeter -->
</testsuite> <!-- Test -->
