<?xml version="1.0" encoding="UTF-8"?>
<!-- Generated by org.testng.reporters.JUnitXMLReporter -->
<testsuite ignored="0" hostname="DESKTOP-MAQ8IR7" failures="0" tests="35" name="VigilanceTest" time="11.66" errors="0" timestamp="2024-12-10T14:19:16 IST">
  <testcase classname="com.baseClass.BaseClass" name="@BeforeMethod setup" time="3.154">
    <failure type="org.openqa.selenium.SessionNotCreatedException" message="Could not start a new session. Response code 500. Message: session not created: This version of ChromeDriver only supports Chrome version 129
Current browser version is 131.0.6778.109 with binary path C:\Program Files\Google\Chrome\Application\chrome.exe 
Host info: host: &amp;apos;DESKTOP-MAQ8IR7&amp;apos;, ip: &amp;apos;162.147.132.149&amp;apos;
Build info: version: &amp;apos;4.25.0&amp;apos;, revision: &amp;apos;8a8aea2337&amp;apos;
System info: os.name: &amp;apos;Windows 10&amp;apos;, os.arch: &amp;apos;amd64&amp;apos;, os.version: &amp;apos;10.0&amp;apos;, java.version: &amp;apos;17.0.9&amp;apos;
Driver info: org.openqa.selenium.chrome.ChromeDriver
Command: [null, newSession {capabilities=[Capabilities {browserName: chrome, goog:chromeOptions: {args: [], extensions: []}}]}]">
      <![CDATA[org.openqa.selenium.SessionNotCreatedException: Could not start a new session. Response code 500. Message: session not created: This version of ChromeDriver only supports Chrome version 129
Current browser version is 131.0.6778.109 with binary path C:\Program Files\Google\Chrome\Application\chrome.exe 
Host info: host: 'DESKTOP-MAQ8IR7', ip: '162.147.132.149'
Build info: version: '4.25.0', revision: '8a8aea2337'
System info: os.name: 'Windows 10', os.arch: 'amd64', os.version: '10.0', java.version: '17.0.9'
Driver info: org.openqa.selenium.chrome.ChromeDriver
Command: [null, newSession {capabilities=[Capabilities {browserName: chrome, goog:chromeOptions: {args: [], extensions: []}}]}]
at org.openqa.selenium.remote.ProtocolHandshake.createSession(ProtocolHandshake.java:114)
at org.openqa.selenium.remote.ProtocolHandshake.createSession(ProtocolHandshake.java:75)
at org.openqa.selenium.remote.ProtocolHandshake.createSession(ProtocolHandshake.java:61)
at org.openqa.selenium.remote.HttpCommandExecutor.execute(HttpCommandExecutor.java:162)
at org.openqa.selenium.remote.service.DriverCommandExecutor.invokeExecute(DriverCommandExecutor.java:216)
at org.openqa.selenium.remote.service.DriverCommandExecutor.execute(DriverCommandExecutor.java:174)
at org.openqa.selenium.remote.RemoteWebDriver.execute(RemoteWebDriver.java:545)
at org.openqa.selenium.remote.RemoteWebDriver.startSession(RemoteWebDriver.java:245)
at org.openqa.selenium.remote.RemoteWebDriver.<init>(RemoteWebDriver.java:174)
at org.openqa.selenium.chromium.ChromiumDriver.<init>(ChromiumDriver.java:114)
at org.openqa.selenium.chrome.ChromeDriver.<init>(ChromeDriver.java:88)
at org.openqa.selenium.chrome.ChromeDriver.<init>(ChromeDriver.java:83)
at org.openqa.selenium.chrome.ChromeDriver.<init>(ChromeDriver.java:51)
at com.baseClass.BaseClass.setup(BaseClass.java:87)
at java.base/java.util.ArrayList.forEach(ArrayList.java:1511)
... Removed 31 stack frames]]>
    </failure>
  </testcase> <!-- @BeforeMethod setup -->
  <testcase classname="com.vigilEye.test.AllotPendingCaseTest" name="@BeforeMethod openBrowser" time="-1.733820547373E9">
    <skipped/>
  </testcase> <!-- @BeforeMethod openBrowser -->
  <testcase classname="com.vigilEye.test.AllotPendingCaseTest" name="@AfterMethod close" time="-1.733820547426E9">
    <skipped/>
  </testcase> <!-- @AfterMethod close -->
  <testcase classname="com.baseClass.BaseClass" name="@AfterMethod tearDown" time="-1.733820547433E9">
    <skipped/>
  </testcase> <!-- @AfterMethod tearDown -->
  <testcase classname="com.baseClass.BaseClass" name="@BeforeMethod setup" time="-1.733820547445E9">
    <skipped/>
  </testcase> <!-- @BeforeMethod setup -->
  <testcase classname="com.vigilEye.test.AllotPendingCaseTest" name="@BeforeMethod openBrowser" time="-1.733820547447E9">
    <skipped/>
  </testcase> <!-- @BeforeMethod openBrowser -->
  <testcase classname="com.vigilEye.test.AllotPendingCaseTest" name="@AfterMethod close" time="-1.733820547467E9">
    <skipped/>
  </testcase> <!-- @AfterMethod close -->
  <testcase classname="com.baseClass.BaseClass" name="@AfterMethod tearDown" time="-1.733820547473E9">
    <skipped/>
  </testcase> <!-- @AfterMethod tearDown -->
  <testcase classname="com.baseClass.BaseClass" name="@BeforeMethod setup" time="-1.733820547496E9">
    <skipped/>
  </testcase> <!-- @BeforeMethod setup -->
  <testcase classname="com.vigilEye.test.AllotPendingCaseTest" name="@BeforeMethod openBrowser" time="-1.733820547505E9">
    <skipped/>
  </testcase> <!-- @BeforeMethod openBrowser -->
  <testcase classname="com.vigilEye.test.AllotPendingCaseTest" name="@AfterMethod close" time="-1.733820547534E9">
    <skipped/>
  </testcase> <!-- @AfterMethod close -->
  <testcase classname="com.baseClass.BaseClass" name="@AfterMethod tearDown" time="-1.733820547536E9">
    <skipped/>
  </testcase> <!-- @AfterMethod tearDown -->
  <testcase classname="com.baseClass.BaseClass" name="@BeforeMethod setup" time="-1.733820547543E9">
    <skipped/>
  </testcase> <!-- @BeforeMethod setup -->
  <testcase classname="com.vigilEye.test.AllotPendingCaseTest" name="@BeforeMethod openBrowser" time="-1.733820547558E9">
    <skipped/>
  </testcase> <!-- @BeforeMethod openBrowser -->
  <testcase classname="com.vigilEye.test.AllotPendingCaseTest" name="@AfterMethod close" time="-1.733820547583E9">
    <skipped/>
  </testcase> <!-- @AfterMethod close -->
  <testcase classname="com.baseClass.BaseClass" name="@AfterMethod tearDown" time="-1.733820547587E9">
    <skipped/>
  </testcase> <!-- @AfterMethod tearDown -->
  <testcase classname="com.baseClass.BaseClass" name="@BeforeMethod setup" time="-1.733820547597E9">
    <skipped/>
  </testcase> <!-- @BeforeMethod setup -->
  <testcase classname="com.vigilEye.test.AllotPendingCaseTest" name="@BeforeMethod openBrowser" time="-1.733820547602E9">
    <skipped/>
  </testcase> <!-- @BeforeMethod openBrowser -->
  <testcase classname="com.vigilEye.test.AllotPendingCaseTest" name="@AfterMethod close" time="-1.733820547648E9">
    <skipped/>
  </testcase> <!-- @AfterMethod close -->
  <testcase classname="com.baseClass.BaseClass" name="@AfterMethod tearDown" time="-1.733820547658E9">
    <skipped/>
  </testcase> <!-- @AfterMethod tearDown -->
  <testcase classname="com.baseClass.BaseClass" name="@BeforeMethod setup" time="-1.733820547702E9">
    <skipped/>
  </testcase> <!-- @BeforeMethod setup -->
  <testcase classname="com.vigilEye.test.AllotPendingCaseTest" name="@BeforeMethod openBrowser" time="-1.733820547707E9">
    <skipped/>
  </testcase> <!-- @BeforeMethod openBrowser -->
  <testcase classname="com.vigilEye.test.AllotPendingCaseTest" name="@AfterMethod close" time="-1.733820547726E9">
    <skipped/>
  </testcase> <!-- @AfterMethod close -->
  <testcase classname="com.baseClass.BaseClass" name="@AfterMethod tearDown" time="-1.733820547732E9">
    <skipped/>
  </testcase> <!-- @AfterMethod tearDown -->
  <testcase classname="com.baseClass.BaseClass" name="@BeforeMethod setup" time="1.99">
    <failure type="org.openqa.selenium.SessionNotCreatedException" message="Could not start a new session. Response code 500. Message: session not created: This version of ChromeDriver only supports Chrome version 129
Current browser version is 131.0.6778.109 with binary path C:\Program Files\Google\Chrome\Application\chrome.exe 
Host info: host: &amp;apos;DESKTOP-MAQ8IR7&amp;apos;, ip: &amp;apos;162.147.132.149&amp;apos;
Build info: version: &amp;apos;4.25.0&amp;apos;, revision: &amp;apos;8a8aea2337&amp;apos;
System info: os.name: &amp;apos;Windows 10&amp;apos;, os.arch: &amp;apos;amd64&amp;apos;, os.version: &amp;apos;10.0&amp;apos;, java.version: &amp;apos;17.0.9&amp;apos;
Driver info: org.openqa.selenium.chrome.ChromeDriver
Command: [null, newSession {capabilities=[Capabilities {browserName: chrome, goog:chromeOptions: {args: [], extensions: []}}]}]">
      <![CDATA[org.openqa.selenium.SessionNotCreatedException: Could not start a new session. Response code 500. Message: session not created: This version of ChromeDriver only supports Chrome version 129
Current browser version is 131.0.6778.109 with binary path C:\Program Files\Google\Chrome\Application\chrome.exe 
Host info: host: 'DESKTOP-MAQ8IR7', ip: '162.147.132.149'
Build info: version: '4.25.0', revision: '8a8aea2337'
System info: os.name: 'Windows 10', os.arch: 'amd64', os.version: '10.0', java.version: '17.0.9'
Driver info: org.openqa.selenium.chrome.ChromeDriver
Command: [null, newSession {capabilities=[Capabilities {browserName: chrome, goog:chromeOptions: {args: [], extensions: []}}]}]
at org.openqa.selenium.remote.ProtocolHandshake.createSession(ProtocolHandshake.java:114)
at org.openqa.selenium.remote.ProtocolHandshake.createSession(ProtocolHandshake.java:75)
at org.openqa.selenium.remote.ProtocolHandshake.createSession(ProtocolHandshake.java:61)
at org.openqa.selenium.remote.HttpCommandExecutor.execute(HttpCommandExecutor.java:162)
at org.openqa.selenium.remote.service.DriverCommandExecutor.invokeExecute(DriverCommandExecutor.java:216)
at org.openqa.selenium.remote.service.DriverCommandExecutor.execute(DriverCommandExecutor.java:174)
at org.openqa.selenium.remote.RemoteWebDriver.execute(RemoteWebDriver.java:545)
at org.openqa.selenium.remote.RemoteWebDriver.startSession(RemoteWebDriver.java:245)
at org.openqa.selenium.remote.RemoteWebDriver.<init>(RemoteWebDriver.java:174)
at org.openqa.selenium.chromium.ChromiumDriver.<init>(ChromiumDriver.java:114)
at org.openqa.selenium.chrome.ChromeDriver.<init>(ChromeDriver.java:88)
at org.openqa.selenium.chrome.ChromeDriver.<init>(ChromeDriver.java:83)
at org.openqa.selenium.chrome.ChromeDriver.<init>(ChromeDriver.java:51)
at com.baseClass.BaseClass.setup(BaseClass.java:87)
at java.base/java.util.ArrayList.forEach(ArrayList.java:1511)
... Removed 31 stack frames]]>
    </failure>
  </testcase> <!-- @BeforeMethod setup -->
  <testcase classname="com.vigilEye.test.Irregularities_Field_Test" name="@BeforeMethod openBrowser" time="-1.733820549744E9">
    <skipped/>
  </testcase> <!-- @BeforeMethod openBrowser -->
  <testcase classname="com.vigilEye.test.Irregularities_Field_Test" name="@AfterMethod close" time="-1.733820549752E9">
    <skipped/>
  </testcase> <!-- @AfterMethod close -->
  <testcase classname="com.baseClass.BaseClass" name="@AfterMethod tearDown" time="-1.733820549753E9">
    <skipped/>
  </testcase> <!-- @AfterMethod tearDown -->
  <testcase classname="com.baseClass.BaseClass" name="@BeforeMethod setup" time="-1.733820549756E9">
    <skipped/>
  </testcase> <!-- @BeforeMethod setup -->
  <testcase classname="com.vigilEye.test.Irregularities_Field_Test" name="@BeforeMethod openBrowser" time="-1.733820549757E9">
    <skipped/>
  </testcase> <!-- @BeforeMethod openBrowser -->
  <testcase classname="com.vigilEye.test.Irregularities_Field_Test" name="@AfterMethod close" time="-1.733820549764E9">
    <skipped/>
  </testcase> <!-- @AfterMethod close -->
  <testcase classname="com.baseClass.BaseClass" name="@AfterMethod tearDown" time="-1.733820549765E9">
    <skipped/>
  </testcase> <!-- @AfterMethod tearDown -->
  <testcase classname="com.baseClass.BaseClass" name="@BeforeMethod setup" time="-1.733820549768E9">
    <skipped/>
  </testcase> <!-- @BeforeMethod setup -->
  <testcase classname="com.vigilEye.test.Irregularities_Field_Test" name="@BeforeMethod openBrowser" time="-1.733820549769E9">
    <skipped/>
  </testcase> <!-- @BeforeMethod openBrowser -->
  <testcase classname="com.vigilEye.test.Irregularities_Field_Test" name="@AfterMethod close" time="-1.733820549774E9">
    <skipped/>
  </testcase> <!-- @AfterMethod close -->
  <testcase classname="com.baseClass.BaseClass" name="@AfterMethod tearDown" time="-1.733820549775E9">
    <skipped/>
  </testcase> <!-- @AfterMethod tearDown -->
  <testcase classname="com.baseClass.BaseClass" name="@BeforeMethod setup" time="-1.733820549779E9">
    <skipped/>
  </testcase> <!-- @BeforeMethod setup -->
  <testcase classname="com.vigilEye.test.Irregularities_Field_Test" name="@BeforeMethod openBrowser" time="-1.73382054978E9">
    <skipped/>
  </testcase> <!-- @BeforeMethod openBrowser -->
  <testcase classname="com.vigilEye.test.Irregularities_Field_Test" name="@AfterMethod close" time="-1.733820549787E9">
    <skipped/>
  </testcase> <!-- @AfterMethod close -->
  <testcase classname="com.baseClass.BaseClass" name="@AfterMethod tearDown" time="-1.733820549789E9">
    <skipped/>
  </testcase> <!-- @AfterMethod tearDown -->
  <testcase classname="com.baseClass.BaseClass" name="@BeforeMethod setup" time="1.903">
    <failure type="org.openqa.selenium.SessionNotCreatedException" message="Could not start a new session. Response code 500. Message: session not created: This version of ChromeDriver only supports Chrome version 129
Current browser version is 131.0.6778.109 with binary path C:\Program Files\Google\Chrome\Application\chrome.exe 
Host info: host: &amp;apos;DESKTOP-MAQ8IR7&amp;apos;, ip: &amp;apos;162.147.132.149&amp;apos;
Build info: version: &amp;apos;4.25.0&amp;apos;, revision: &amp;apos;8a8aea2337&amp;apos;
System info: os.name: &amp;apos;Windows 10&amp;apos;, os.arch: &amp;apos;amd64&amp;apos;, os.version: &amp;apos;10.0&amp;apos;, java.version: &amp;apos;17.0.9&amp;apos;
Driver info: org.openqa.selenium.chrome.ChromeDriver
Command: [null, newSession {capabilities=[Capabilities {browserName: chrome, goog:chromeOptions: {args: [], extensions: []}}]}]">
      <![CDATA[org.openqa.selenium.SessionNotCreatedException: Could not start a new session. Response code 500. Message: session not created: This version of ChromeDriver only supports Chrome version 129
Current browser version is 131.0.6778.109 with binary path C:\Program Files\Google\Chrome\Application\chrome.exe 
Host info: host: 'DESKTOP-MAQ8IR7', ip: '162.147.132.149'
Build info: version: '4.25.0', revision: '8a8aea2337'
System info: os.name: 'Windows 10', os.arch: 'amd64', os.version: '10.0', java.version: '17.0.9'
Driver info: org.openqa.selenium.chrome.ChromeDriver
Command: [null, newSession {capabilities=[Capabilities {browserName: chrome, goog:chromeOptions: {args: [], extensions: []}}]}]
at org.openqa.selenium.remote.ProtocolHandshake.createSession(ProtocolHandshake.java:114)
at org.openqa.selenium.remote.ProtocolHandshake.createSession(ProtocolHandshake.java:75)
at org.openqa.selenium.remote.ProtocolHandshake.createSession(ProtocolHandshake.java:61)
at org.openqa.selenium.remote.HttpCommandExecutor.execute(HttpCommandExecutor.java:162)
at org.openqa.selenium.remote.service.DriverCommandExecutor.invokeExecute(DriverCommandExecutor.java:216)
at org.openqa.selenium.remote.service.DriverCommandExecutor.execute(DriverCommandExecutor.java:174)
at org.openqa.selenium.remote.RemoteWebDriver.execute(RemoteWebDriver.java:545)
at org.openqa.selenium.remote.RemoteWebDriver.startSession(RemoteWebDriver.java:245)
at org.openqa.selenium.remote.RemoteWebDriver.<init>(RemoteWebDriver.java:174)
at org.openqa.selenium.chromium.ChromiumDriver.<init>(ChromiumDriver.java:114)
at org.openqa.selenium.chrome.ChromeDriver.<init>(ChromeDriver.java:88)
at org.openqa.selenium.chrome.ChromeDriver.<init>(ChromeDriver.java:83)
at org.openqa.selenium.chrome.ChromeDriver.<init>(ChromeDriver.java:51)
at com.baseClass.BaseClass.setup(BaseClass.java:87)
at java.base/java.util.ArrayList.forEach(ArrayList.java:1511)
... Removed 31 stack frames]]>
    </failure>
  </testcase> <!-- @BeforeMethod setup -->
  <testcase classname="com.vigilEye.test.AllotAttendCaseTest" name="@BeforeMethod openBrowser" time="-1.733820551697E9">
    <skipped/>
  </testcase> <!-- @BeforeMethod openBrowser -->
  <testcase classname="com.vigilEye.test.AllotAttendCaseTest" name="@AfterMethod close" time="-1.733820551703E9">
    <skipped/>
  </testcase> <!-- @AfterMethod close -->
  <testcase classname="com.baseClass.BaseClass" name="@AfterMethod tearDown" time="-1.733820551704E9">
    <skipped/>
  </testcase> <!-- @AfterMethod tearDown -->
  <testcase classname="com.baseClass.BaseClass" name="@BeforeMethod setup" time="-1.733820551707E9">
    <skipped/>
  </testcase> <!-- @BeforeMethod setup -->
  <testcase classname="com.vigilEye.test.AllotAttendCaseTest" name="@BeforeMethod openBrowser" time="-1.733820551708E9">
    <skipped/>
  </testcase> <!-- @BeforeMethod openBrowser -->
  <testcase classname="com.vigilEye.test.AllotAttendCaseTest" name="@AfterMethod close" time="-1.733820551718E9">
    <skipped/>
  </testcase> <!-- @AfterMethod close -->
  <testcase classname="com.baseClass.BaseClass" name="@AfterMethod tearDown" time="-1.733820551719E9">
    <skipped/>
  </testcase> <!-- @AfterMethod tearDown -->
  <testcase classname="com.baseClass.BaseClass" name="@BeforeMethod setup" time="-1.733820551722E9">
    <skipped/>
  </testcase> <!-- @BeforeMethod setup -->
  <testcase classname="com.vigilEye.test.AllotAttendCaseTest" name="@BeforeMethod openBrowser" time="-1.733820551725E9">
    <skipped/>
  </testcase> <!-- @BeforeMethod openBrowser -->
  <testcase classname="com.vigilEye.test.AllotAttendCaseTest" name="@AfterMethod close" time="-1.733820551742E9">
    <skipped/>
  </testcase> <!-- @AfterMethod close -->
  <testcase classname="com.baseClass.BaseClass" name="@AfterMethod tearDown" time="-1.733820551745E9">
    <skipped/>
  </testcase> <!-- @AfterMethod tearDown -->
  <testcase classname="com.baseClass.BaseClass" name="@BeforeMethod setup" time="-1.733820551747E9">
    <skipped/>
  </testcase> <!-- @BeforeMethod setup -->
  <testcase classname="com.vigilEye.test.AllotAttendCaseTest" name="@BeforeMethod openBrowser" time="-1.733820551749E9">
    <skipped/>
  </testcase> <!-- @BeforeMethod openBrowser -->
  <testcase classname="com.vigilEye.test.AllotAttendCaseTest" name="@AfterMethod close" time="-1.733820551758E9">
    <skipped/>
  </testcase> <!-- @AfterMethod close -->
  <testcase classname="com.baseClass.BaseClass" name="@AfterMethod tearDown" time="-1.733820551765E9">
    <skipped/>
  </testcase> <!-- @AfterMethod tearDown -->
  <testcase classname="com.baseClass.BaseClass" name="@BeforeMethod setup" time="-1.733820551772E9">
    <skipped/>
  </testcase> <!-- @BeforeMethod setup -->
  <testcase classname="com.vigilEye.test.AllotAttendCaseTest" name="@BeforeMethod openBrowser" time="-1.733820551776E9">
    <skipped/>
  </testcase> <!-- @BeforeMethod openBrowser -->
  <testcase classname="com.vigilEye.test.AllotAttendCaseTest" name="@AfterMethod close" time="-1.733820551781E9">
    <skipped/>
  </testcase> <!-- @AfterMethod close -->
  <testcase classname="com.baseClass.BaseClass" name="@AfterMethod tearDown" time="-1.733820551782E9">
    <skipped/>
  </testcase> <!-- @AfterMethod tearDown -->
  <testcase classname="com.baseClass.BaseClass" name="@BeforeMethod setup" time="-1.733820551784E9">
    <skipped/>
  </testcase> <!-- @BeforeMethod setup -->
  <testcase classname="com.vigilEye.test.AllotAttendCaseTest" name="@BeforeMethod openBrowser" time="-1.733820551785E9">
    <skipped/>
  </testcase> <!-- @BeforeMethod openBrowser -->
  <testcase classname="com.vigilEye.test.AllotAttendCaseTest" name="@AfterMethod close" time="-1.733820551792E9">
    <skipped/>
  </testcase> <!-- @AfterMethod close -->
  <testcase classname="com.baseClass.BaseClass" name="@AfterMethod tearDown" time="-1.733820551794E9">
    <skipped/>
  </testcase> <!-- @AfterMethod tearDown -->
  <testcase classname="com.baseClass.BaseClass" name="@BeforeMethod setup" time="-1.733820551796E9">
    <skipped/>
  </testcase> <!-- @BeforeMethod setup -->
  <testcase classname="com.vigilEye.test.AllotAttendCaseTest" name="@BeforeMethod openBrowser" time="-1.733820551797E9">
    <skipped/>
  </testcase> <!-- @BeforeMethod openBrowser -->
  <testcase classname="com.vigilEye.test.AllotAttendCaseTest" name="@AfterMethod close" time="-1.733820551808E9">
    <skipped/>
  </testcase> <!-- @AfterMethod close -->
  <testcase classname="com.baseClass.BaseClass" name="@AfterMethod tearDown" time="-1.733820551809E9">
    <skipped/>
  </testcase> <!-- @AfterMethod tearDown -->
  <testcase classname="com.baseClass.BaseClass" name="@BeforeMethod setup" time="-1.733820551812E9">
    <skipped/>
  </testcase> <!-- @BeforeMethod setup -->
  <testcase classname="com.vigilEye.test.AllotAttendCaseTest" name="@BeforeMethod openBrowser" time="-1.733820551814E9">
    <skipped/>
  </testcase> <!-- @BeforeMethod openBrowser -->
  <testcase classname="com.vigilEye.test.AllotAttendCaseTest" name="@AfterMethod close" time="-1.733820551821E9">
    <skipped/>
  </testcase> <!-- @AfterMethod close -->
  <testcase classname="com.baseClass.BaseClass" name="@AfterMethod tearDown" time="-1.733820551821E9">
    <skipped/>
  </testcase> <!-- @AfterMethod tearDown -->
  <testcase classname="com.baseClass.BaseClass" name="@BeforeMethod setup" time="-1.733820551824E9">
    <skipped/>
  </testcase> <!-- @BeforeMethod setup -->
  <testcase classname="com.vigilEye.test.AllotAttendCaseTest" name="@BeforeMethod openBrowser" time="-1.733820551825E9">
    <skipped/>
  </testcase> <!-- @BeforeMethod openBrowser -->
  <testcase classname="com.vigilEye.test.AllotAttendCaseTest" name="@AfterMethod close" time="-1.733820551831E9">
    <skipped/>
  </testcase> <!-- @AfterMethod close -->
  <testcase classname="com.baseClass.BaseClass" name="@AfterMethod tearDown" time="-1.733820551832E9">
    <skipped/>
  </testcase> <!-- @AfterMethod tearDown -->
  <testcase classname="com.baseClass.BaseClass" name="@BeforeMethod setup" time="-1.733820551834E9">
    <skipped/>
  </testcase> <!-- @BeforeMethod setup -->
  <testcase classname="com.vigilEye.test.AllotAttendCaseTest" name="@BeforeMethod openBrowser" time="-1.733820551835E9">
    <skipped/>
  </testcase> <!-- @BeforeMethod openBrowser -->
  <testcase classname="com.vigilEye.test.AllotAttendCaseTest" name="@AfterMethod close" time="-1.733820551841E9">
    <skipped/>
  </testcase> <!-- @AfterMethod close -->
  <testcase classname="com.baseClass.BaseClass" name="@AfterMethod tearDown" time="-1.733820551846E9">
    <skipped/>
  </testcase> <!-- @AfterMethod tearDown -->
  <testcase classname="com.baseClass.BaseClass" name="@BeforeMethod setup" time="-1.733820551851E9">
    <skipped/>
  </testcase> <!-- @BeforeMethod setup -->
  <testcase classname="com.vigilEye.test.AllotAttendCaseTest" name="@BeforeMethod openBrowser" time="-1.733820551852E9">
    <skipped/>
  </testcase> <!-- @BeforeMethod openBrowser -->
  <testcase classname="com.vigilEye.test.AllotAttendCaseTest" name="@AfterMethod close" time="-1.733820551874E9">
    <skipped/>
  </testcase> <!-- @AfterMethod close -->
  <testcase classname="com.baseClass.BaseClass" name="@AfterMethod tearDown" time="-1.733820551876E9">
    <skipped/>
  </testcase> <!-- @AfterMethod tearDown -->
  <testcase classname="com.baseClass.BaseClass" name="@BeforeMethod setup" time="1.943">
    <failure type="org.openqa.selenium.SessionNotCreatedException" message="Could not start a new session. Response code 500. Message: session not created: This version of ChromeDriver only supports Chrome version 129
Current browser version is 131.0.6778.109 with binary path C:\Program Files\Google\Chrome\Application\chrome.exe 
Host info: host: &amp;apos;DESKTOP-MAQ8IR7&amp;apos;, ip: &amp;apos;162.147.132.149&amp;apos;
Build info: version: &amp;apos;4.25.0&amp;apos;, revision: &amp;apos;8a8aea2337&amp;apos;
System info: os.name: &amp;apos;Windows 10&amp;apos;, os.arch: &amp;apos;amd64&amp;apos;, os.version: &amp;apos;10.0&amp;apos;, java.version: &amp;apos;17.0.9&amp;apos;
Driver info: org.openqa.selenium.chrome.ChromeDriver
Command: [null, newSession {capabilities=[Capabilities {browserName: chrome, goog:chromeOptions: {args: [], extensions: []}}]}]">
      <![CDATA[org.openqa.selenium.SessionNotCreatedException: Could not start a new session. Response code 500. Message: session not created: This version of ChromeDriver only supports Chrome version 129
Current browser version is 131.0.6778.109 with binary path C:\Program Files\Google\Chrome\Application\chrome.exe 
Host info: host: 'DESKTOP-MAQ8IR7', ip: '162.147.132.149'
Build info: version: '4.25.0', revision: '8a8aea2337'
System info: os.name: 'Windows 10', os.arch: 'amd64', os.version: '10.0', java.version: '17.0.9'
Driver info: org.openqa.selenium.chrome.ChromeDriver
Command: [null, newSession {capabilities=[Capabilities {browserName: chrome, goog:chromeOptions: {args: [], extensions: []}}]}]
at org.openqa.selenium.remote.ProtocolHandshake.createSession(ProtocolHandshake.java:114)
at org.openqa.selenium.remote.ProtocolHandshake.createSession(ProtocolHandshake.java:75)
at org.openqa.selenium.remote.ProtocolHandshake.createSession(ProtocolHandshake.java:61)
at org.openqa.selenium.remote.HttpCommandExecutor.execute(HttpCommandExecutor.java:162)
at org.openqa.selenium.remote.service.DriverCommandExecutor.invokeExecute(DriverCommandExecutor.java:216)
at org.openqa.selenium.remote.service.DriverCommandExecutor.execute(DriverCommandExecutor.java:174)
at org.openqa.selenium.remote.RemoteWebDriver.execute(RemoteWebDriver.java:545)
at org.openqa.selenium.remote.RemoteWebDriver.startSession(RemoteWebDriver.java:245)
at org.openqa.selenium.remote.RemoteWebDriver.<init>(RemoteWebDriver.java:174)
at org.openqa.selenium.chromium.ChromiumDriver.<init>(ChromiumDriver.java:114)
at org.openqa.selenium.chrome.ChromeDriver.<init>(ChromeDriver.java:88)
at org.openqa.selenium.chrome.ChromeDriver.<init>(ChromeDriver.java:83)
at org.openqa.selenium.chrome.ChromeDriver.<init>(ChromeDriver.java:51)
at com.baseClass.BaseClass.setup(BaseClass.java:87)
at java.base/java.util.ArrayList.forEach(ArrayList.java:1511)
... Removed 31 stack frames]]>
    </failure>
  </testcase> <!-- @BeforeMethod setup -->
  <testcase classname="com.vigilEye.test.AssessmentApprovalTest" name="@BeforeMethod openBrowser" time="-1.733820553824E9">
    <skipped/>
  </testcase> <!-- @BeforeMethod openBrowser -->
  <testcase classname="com.vigilEye.test.AssessmentApprovalTest" name="@AfterMethod close" time="-1.73382055383E9">
    <skipped/>
  </testcase> <!-- @AfterMethod close -->
  <testcase classname="com.baseClass.BaseClass" name="@AfterMethod tearDown" time="-1.733820553831E9">
    <skipped/>
  </testcase> <!-- @AfterMethod tearDown -->
  <testcase classname="com.baseClass.BaseClass" name="@BeforeMethod setup" time="-1.733820553833E9">
    <skipped/>
  </testcase> <!-- @BeforeMethod setup -->
  <testcase classname="com.vigilEye.test.AssessmentApprovalTest" name="@BeforeMethod openBrowser" time="-1.733820553834E9">
    <skipped/>
  </testcase> <!-- @BeforeMethod openBrowser -->
  <testcase classname="com.vigilEye.test.AssessmentApprovalTest" name="@AfterMethod close" time="-1.73382055384E9">
    <skipped/>
  </testcase> <!-- @AfterMethod close -->
  <testcase classname="com.baseClass.BaseClass" name="@AfterMethod tearDown" time="-1.733820553842E9">
    <skipped/>
  </testcase> <!-- @AfterMethod tearDown -->
  <testcase classname="com.baseClass.BaseClass" name="@BeforeMethod setup" time="-1.733820553844E9">
    <skipped/>
  </testcase> <!-- @BeforeMethod setup -->
  <testcase classname="com.vigilEye.test.AssessmentApprovalTest" name="@BeforeMethod openBrowser" time="-1.733820553845E9">
    <skipped/>
  </testcase> <!-- @BeforeMethod openBrowser -->
  <testcase classname="com.vigilEye.test.AssessmentApprovalTest" name="@AfterMethod close" time="-1.733820553849E9">
    <skipped/>
  </testcase> <!-- @AfterMethod close -->
  <testcase classname="com.baseClass.BaseClass" name="@AfterMethod tearDown" time="-1.733820553849E9">
    <skipped/>
  </testcase> <!-- @AfterMethod tearDown -->
  <testcase classname="com.baseClass.BaseClass" name="@BeforeMethod setup" time="-1.733820553851E9">
    <skipped/>
  </testcase> <!-- @BeforeMethod setup -->
  <testcase classname="com.vigilEye.test.AssessmentApprovalTest" name="@BeforeMethod openBrowser" time="-1.733820553852E9">
    <skipped/>
  </testcase> <!-- @BeforeMethod openBrowser -->
  <testcase classname="com.vigilEye.test.AssessmentApprovalTest" name="@AfterMethod close" time="-1.733820553859E9">
    <skipped/>
  </testcase> <!-- @AfterMethod close -->
  <testcase classname="com.baseClass.BaseClass" name="@AfterMethod tearDown" time="-1.73382055386E9">
    <skipped/>
  </testcase> <!-- @AfterMethod tearDown -->
  <testcase classname="com.baseClass.BaseClass" name="@BeforeMethod setup" time="-1.733820553863E9">
    <skipped/>
  </testcase> <!-- @BeforeMethod setup -->
  <testcase classname="com.vigilEye.test.AssessmentApprovalTest" name="@BeforeMethod openBrowser" time="-1.733820553864E9">
    <skipped/>
  </testcase> <!-- @BeforeMethod openBrowser -->
  <testcase classname="com.vigilEye.test.AssessmentApprovalTest" name="@AfterMethod close" time="-1.73382055387E9">
    <skipped/>
  </testcase> <!-- @AfterMethod close -->
  <testcase classname="com.baseClass.BaseClass" name="@AfterMethod tearDown" time="-1.733820553872E9">
    <skipped/>
  </testcase> <!-- @AfterMethod tearDown -->
  <testcase classname="com.baseClass.BaseClass" name="@BeforeMethod setup" time="-1.733820553875E9">
    <skipped/>
  </testcase> <!-- @BeforeMethod setup -->
  <testcase classname="com.vigilEye.test.AssessmentApprovalTest" name="@BeforeMethod openBrowser" time="-1.733820553878E9">
    <skipped/>
  </testcase> <!-- @BeforeMethod openBrowser -->
  <testcase classname="com.vigilEye.test.AssessmentApprovalTest" name="@AfterMethod close" time="-1.733820553884E9">
    <skipped/>
  </testcase> <!-- @AfterMethod close -->
  <testcase classname="com.baseClass.BaseClass" name="@AfterMethod tearDown" time="-1.733820553886E9">
    <skipped/>
  </testcase> <!-- @AfterMethod tearDown -->
  <testcase classname="com.baseClass.BaseClass" name="@BeforeMethod setup" time="-1.733820553888E9">
    <skipped/>
  </testcase> <!-- @BeforeMethod setup -->
  <testcase classname="com.vigilEye.test.AssessmentApprovalTest" name="@BeforeMethod openBrowser" time="-1.73382055389E9">
    <skipped/>
  </testcase> <!-- @BeforeMethod openBrowser -->
  <testcase classname="com.vigilEye.test.AssessmentApprovalTest" name="@AfterMethod close" time="-1.733820553894E9">
    <skipped/>
  </testcase> <!-- @AfterMethod close -->
  <testcase classname="com.baseClass.BaseClass" name="@AfterMethod tearDown" time="-1.733820553895E9">
    <skipped/>
  </testcase> <!-- @AfterMethod tearDown -->
  <testcase classname="com.baseClass.BaseClass" name="@BeforeMethod setup" time="1.807">
    <failure type="org.openqa.selenium.SessionNotCreatedException" message="Could not start a new session. Response code 500. Message: session not created: This version of ChromeDriver only supports Chrome version 129
Current browser version is 131.0.6778.109 with binary path C:\Program Files\Google\Chrome\Application\chrome.exe 
Host info: host: &amp;apos;DESKTOP-MAQ8IR7&amp;apos;, ip: &amp;apos;162.147.132.149&amp;apos;
Build info: version: &amp;apos;4.25.0&amp;apos;, revision: &amp;apos;8a8aea2337&amp;apos;
System info: os.name: &amp;apos;Windows 10&amp;apos;, os.arch: &amp;apos;amd64&amp;apos;, os.version: &amp;apos;10.0&amp;apos;, java.version: &amp;apos;17.0.9&amp;apos;
Driver info: org.openqa.selenium.chrome.ChromeDriver
Command: [null, newSession {capabilities=[Capabilities {browserName: chrome, goog:chromeOptions: {args: [], extensions: []}}]}]">
      <![CDATA[org.openqa.selenium.SessionNotCreatedException: Could not start a new session. Response code 500. Message: session not created: This version of ChromeDriver only supports Chrome version 129
Current browser version is 131.0.6778.109 with binary path C:\Program Files\Google\Chrome\Application\chrome.exe 
Host info: host: 'DESKTOP-MAQ8IR7', ip: '162.147.132.149'
Build info: version: '4.25.0', revision: '8a8aea2337'
System info: os.name: 'Windows 10', os.arch: 'amd64', os.version: '10.0', java.version: '17.0.9'
Driver info: org.openqa.selenium.chrome.ChromeDriver
Command: [null, newSession {capabilities=[Capabilities {browserName: chrome, goog:chromeOptions: {args: [], extensions: []}}]}]
at org.openqa.selenium.remote.ProtocolHandshake.createSession(ProtocolHandshake.java:114)
at org.openqa.selenium.remote.ProtocolHandshake.createSession(ProtocolHandshake.java:75)
at org.openqa.selenium.remote.ProtocolHandshake.createSession(ProtocolHandshake.java:61)
at org.openqa.selenium.remote.HttpCommandExecutor.execute(HttpCommandExecutor.java:162)
at org.openqa.selenium.remote.service.DriverCommandExecutor.invokeExecute(DriverCommandExecutor.java:216)
at org.openqa.selenium.remote.service.DriverCommandExecutor.execute(DriverCommandExecutor.java:174)
at org.openqa.selenium.remote.RemoteWebDriver.execute(RemoteWebDriver.java:545)
at org.openqa.selenium.remote.RemoteWebDriver.startSession(RemoteWebDriver.java:245)
at org.openqa.selenium.remote.RemoteWebDriver.<init>(RemoteWebDriver.java:174)
at org.openqa.selenium.chromium.ChromiumDriver.<init>(ChromiumDriver.java:114)
at org.openqa.selenium.chrome.ChromeDriver.<init>(ChromeDriver.java:88)
at org.openqa.selenium.chrome.ChromeDriver.<init>(ChromeDriver.java:83)
at org.openqa.selenium.chrome.ChromeDriver.<init>(ChromeDriver.java:51)
at com.baseClass.BaseClass.setup(BaseClass.java:87)
at java.base/java.util.ArrayList.forEach(ArrayList.java:1511)
... Removed 31 stack frames]]>
    </failure>
  </testcase> <!-- @BeforeMethod setup -->
  <testcase classname="com.vigilEye.test.AssessmentFeedingCaseTest" name="@BeforeMethod openBrowser" time="-1.733820555707E9">
    <skipped/>
  </testcase> <!-- @BeforeMethod openBrowser -->
  <testcase classname="com.vigilEye.test.AssessmentFeedingCaseTest" name="@AfterMethod close" time="-1.733820555712E9">
    <skipped/>
  </testcase> <!-- @AfterMethod close -->
  <testcase classname="com.baseClass.BaseClass" name="@AfterMethod tearDown" time="-1.733820555713E9">
    <skipped/>
  </testcase> <!-- @AfterMethod tearDown -->
  <testcase classname="com.baseClass.BaseClass" name="@BeforeMethod setup" time="-1.733820555714E9">
    <skipped/>
  </testcase> <!-- @BeforeMethod setup -->
  <testcase classname="com.vigilEye.test.AssessmentFeedingCaseTest" name="@BeforeMethod openBrowser" time="-1.733820555715E9">
    <skipped/>
  </testcase> <!-- @BeforeMethod openBrowser -->
  <testcase classname="com.vigilEye.test.AssessmentFeedingCaseTest" name="@AfterMethod close" time="-1.73382055572E9">
    <skipped/>
  </testcase> <!-- @AfterMethod close -->
  <testcase classname="com.baseClass.BaseClass" name="@AfterMethod tearDown" time="-1.733820555721E9">
    <skipped/>
  </testcase> <!-- @AfterMethod tearDown -->
  <testcase classname="com.baseClass.BaseClass" name="@BeforeMethod setup" time="-1.733820555723E9">
    <skipped/>
  </testcase> <!-- @BeforeMethod setup -->
  <testcase classname="com.vigilEye.test.AssessmentFeedingCaseTest" name="@BeforeMethod openBrowser" time="-1.733820555724E9">
    <skipped/>
  </testcase> <!-- @BeforeMethod openBrowser -->
  <testcase classname="com.vigilEye.test.AssessmentFeedingCaseTest" name="@AfterMethod close" time="-1.733820555729E9">
    <skipped/>
  </testcase> <!-- @AfterMethod close -->
  <testcase classname="com.baseClass.BaseClass" name="@AfterMethod tearDown" time="-1.733820555731E9">
    <skipped/>
  </testcase> <!-- @AfterMethod tearDown -->
  <testcase classname="com.baseClass.BaseClass" name="@BeforeMethod setup" time="-1.733820555732E9">
    <skipped/>
  </testcase> <!-- @BeforeMethod setup -->
  <testcase classname="com.vigilEye.test.AssessmentFeedingCaseTest" name="@BeforeMethod openBrowser" time="-1.733820555733E9">
    <skipped/>
  </testcase> <!-- @BeforeMethod openBrowser -->
  <testcase classname="com.vigilEye.test.AssessmentFeedingCaseTest" name="@AfterMethod close" time="-1.733820555744E9">
    <skipped/>
  </testcase> <!-- @AfterMethod close -->
  <testcase classname="com.baseClass.BaseClass" name="@AfterMethod tearDown" time="-1.733820555747E9">
    <skipped/>
  </testcase> <!-- @AfterMethod tearDown -->
  <testcase classname="com.baseClass.BaseClass" name="@BeforeMethod setup" time="-1.733820555754E9">
    <skipped/>
  </testcase> <!-- @BeforeMethod setup -->
  <testcase classname="com.vigilEye.test.AssessmentFeedingCaseTest" name="@BeforeMethod openBrowser" time="-1.733820555756E9">
    <skipped/>
  </testcase> <!-- @BeforeMethod openBrowser -->
  <testcase classname="com.vigilEye.test.AssessmentFeedingCaseTest" name="@AfterMethod close" time="-1.733820555762E9">
    <skipped/>
  </testcase> <!-- @AfterMethod close -->
  <testcase classname="com.baseClass.BaseClass" name="@AfterMethod tearDown" time="-1.733820555763E9">
    <skipped/>
  </testcase> <!-- @AfterMethod tearDown -->
  <testcase classname="com.baseClass.BaseClass" name="@BeforeMethod setup" time="-1.733820555764E9">
    <skipped/>
  </testcase> <!-- @BeforeMethod setup -->
  <testcase classname="com.vigilEye.test.AssessmentFeedingCaseTest" name="@BeforeMethod openBrowser" time="-1.733820555766E9">
    <skipped/>
  </testcase> <!-- @BeforeMethod openBrowser -->
  <testcase classname="com.vigilEye.test.AssessmentFeedingCaseTest" name="@AfterMethod close" time="-1.733820555771E9">
    <skipped/>
  </testcase> <!-- @AfterMethod close -->
  <testcase classname="com.baseClass.BaseClass" name="@AfterMethod tearDown" time="-1.733820555771E9">
    <skipped/>
  </testcase> <!-- @AfterMethod tearDown -->
  <testcase classname="com.baseClass.BaseClass" name="@BeforeMethod setup" time="-1.733820555776E9">
    <skipped/>
  </testcase> <!-- @BeforeMethod setup -->
  <testcase classname="com.vigilEye.test.AssessmentFeedingCaseTest" name="@BeforeMethod openBrowser" time="-1.733820555777E9">
    <skipped/>
  </testcase> <!-- @BeforeMethod openBrowser -->
  <testcase classname="com.vigilEye.test.AssessmentFeedingCaseTest" name="@AfterMethod close" time="-1.733820555787E9">
    <skipped/>
  </testcase> <!-- @AfterMethod close -->
  <testcase classname="com.baseClass.BaseClass" name="@AfterMethod tearDown" time="-1.733820555788E9">
    <skipped/>
  </testcase> <!-- @AfterMethod tearDown -->
  <testcase classname="com.vigilEye.test.AllotPendingCaseTest" name="toVerifyAllotPendingCasesIsDisplaying" time="0.0">
    <skipped/>
  </testcase> <!-- toVerifyAllotPendingCasesIsDisplaying -->
  <testcase classname="com.vigilEye.test.AllotPendingCaseTest" name="toVerifyClickOnAllotPendingCaseMenu" time="0.0">
    <skipped/>
  </testcase> <!-- toVerifyClickOnAllotPendingCaseMenu -->
  <testcase classname="com.vigilEye.test.AllotPendingCaseTest" name="toverifyHeaderName" time="0.0">
    <skipped/>
  </testcase> <!-- toverifyHeaderName -->
  <testcase classname="com.vigilEye.test.AllotPendingCaseTest" name="toverifyCountOfAllotPendingCase" time="0.0">
    <skipped/>
  </testcase> <!-- toverifyCountOfAllotPendingCase -->
  <testcase classname="com.vigilEye.test.AllotPendingCaseTest" name="toverifySearchOptionIsWorkingAndFetchedDetailsFromTable" time="0.0">
    <skipped/>
  </testcase> <!-- toverifySearchOptionIsWorkingAndFetchedDetailsFromTable -->
  <testcase classname="com.vigilEye.test.AllotPendingCaseTest" name="toverifydownloadReportInExcelFormat" time="0.0">
    <skipped/>
  </testcase> <!-- toverifydownloadReportInExcelFormat -->
  <testcase classname="com.vigilEye.test.Irregularities_Field_Test" name="toverifyAlertMessage" time="0.0">
    <skipped/>
  </testcase> <!-- toverifyAlertMessage -->
  <testcase classname="com.vigilEye.test.Irregularities_Field_Test" name="toFillTheIrregularitiesOfMainMeter" time="0.0">
    <skipped/>
  </testcase> <!-- toFillTheIrregularitiesOfMainMeter -->
  <testcase classname="com.vigilEye.test.Irregularities_Field_Test" name="toverifyFillIrregularitiesOfPoleMeterWithoutFieldMainMeterIrreggularities" time="0.0">
    <skipped/>
  </testcase> <!-- toverifyFillIrregularitiesOfPoleMeterWithoutFieldMainMeterIrreggularities -->
  <testcase classname="com.vigilEye.test.Irregularities_Field_Test" name="toverifyIrregularitiesfiledMainMeterAndPoleMeter" time="0.0">
    <skipped/>
  </testcase> <!-- toverifyIrregularitiesfiledMainMeterAndPoleMeter -->
  <testcase classname="com.vigilEye.test.AllotAttendCaseTest" name="toVerifyAllotAttendCasesIsDisplaying" time="0.0">
    <skipped/>
  </testcase> <!-- toVerifyAllotAttendCasesIsDisplaying -->
  <testcase classname="com.vigilEye.test.AllotAttendCaseTest" name="toVerifyClickOnAllotAttendCaseMenu" time="0.0">
    <skipped/>
  </testcase> <!-- toVerifyClickOnAllotAttendCaseMenu -->
  <testcase classname="com.vigilEye.test.AllotAttendCaseTest" name="toverifyHeaderName" time="0.0">
    <skipped/>
  </testcase> <!-- toverifyHeaderName -->
  <testcase classname="com.vigilEye.test.AllotAttendCaseTest" name="toverifyCountOfAllotAttendCase" time="0.0">
    <skipped/>
  </testcase> <!-- toverifyCountOfAllotAttendCase -->
  <testcase classname="com.vigilEye.test.AllotAttendCaseTest" name="toverifySearchOptionIsWorkingAndFetchedDetailsFromTable" time="0.0">
    <skipped/>
  </testcase> <!-- toverifySearchOptionIsWorkingAndFetchedDetailsFromTable -->
  <testcase classname="com.vigilEye.test.AllotAttendCaseTest" name="toverifyAttendConsumerDetailsIsFetchedDetailsFromTable" time="0.0">
    <skipped/>
  </testcase> <!-- toverifyAttendConsumerDetailsIsFetchedDetailsFromTable -->
  <testcase classname="com.vigilEye.test.AllotAttendCaseTest" name="toverifyAttendMarkingDetailsIsFetchedDetailsFromTable" time="0.0">
    <skipped/>
  </testcase> <!-- toverifyAttendMarkingDetailsIsFetchedDetailsFromTable -->
  <testcase classname="com.vigilEye.test.AllotAttendCaseTest" name="tofetchedFieldIrregularitiesforMainMeter" time="0.0">
    <skipped/>
  </testcase> <!-- tofetchedFieldIrregularitiesforMainMeter -->
  <testcase classname="com.vigilEye.test.AllotAttendCaseTest" name="tofetchedFieldIrregularitiesforPoleMeter" time="0.0">
    <skipped/>
  </testcase> <!-- tofetchedFieldIrregularitiesforPoleMeter -->
  <testcase classname="com.vigilEye.test.AllotAttendCaseTest" name="toverifyWithoutTakeActionthenAlertMessageIsDisplayed" time="0.0">
    <skipped/>
  </testcase> <!-- toverifyWithoutTakeActionthenAlertMessageIsDisplayed -->
  <testcase classname="com.vigilEye.test.AllotAttendCaseTest" name="toverifythatTakeActionToAllotedAttendCases" time="0.0">
    <skipped/>
  </testcase> <!-- toverifythatTakeActionToAllotedAttendCases -->
  <testcase classname="com.vigilEye.test.AssessmentApprovalTest" name="toVerifyAssessmentApprovalIsDisplaying" time="0.0">
    <skipped/>
  </testcase> <!-- toVerifyAssessmentApprovalIsDisplaying -->
  <testcase classname="com.vigilEye.test.AssessmentApprovalTest" name="toVerifyClickOnAssessmentApprovalCaseMenu" time="0.0">
    <skipped/>
  </testcase> <!-- toVerifyClickOnAssessmentApprovalCaseMenu -->
  <testcase classname="com.vigilEye.test.AssessmentApprovalTest" name="toverifyHeaderName" time="0.0">
    <skipped/>
  </testcase> <!-- toverifyHeaderName -->
  <testcase classname="com.vigilEye.test.AssessmentApprovalTest" name="toveriyCountOfAssessmentApprovalCase" time="0.0">
    <skipped/>
  </testcase> <!-- toveriyCountOfAssessmentApprovalCase -->
  <testcase classname="com.vigilEye.test.AssessmentApprovalTest" name="toveriyWithoutEnterRemarkAndClickOnSubmitButtonThenAlertMessageIsDisplaying" time="0.0">
    <skipped/>
  </testcase> <!-- toveriyWithoutEnterRemarkAndClickOnSubmitButtonThenAlertMessageIsDisplaying -->
  <testcase classname="com.vigilEye.test.AssessmentApprovalTest" name="toveriyEnterRemarkAndClickOnSubmitButtonThenDataIsSavedInTable" time="0.0">
    <skipped/>
  </testcase> <!-- toveriyEnterRemarkAndClickOnSubmitButtonThenDataIsSavedInTable -->
  <testcase classname="com.vigilEye.test.AssessmentApprovalTest" name="toSavedAssessmentProposedDetailsInExcelFile" time="0.0">
    <skipped/>
  </testcase> <!-- toSavedAssessmentProposedDetailsInExcelFile -->
  <testcase classname="com.vigilEye.test.AssessmentFeedingCaseTest" name="toVerifyAssessmentFeedingIsDisplaying" time="0.0">
    <skipped/>
  </testcase> <!-- toVerifyAssessmentFeedingIsDisplaying -->
  <testcase classname="com.vigilEye.test.AssessmentFeedingCaseTest" name="toVerifyClickOnAssessmentFeedingCaseMenu" time="0.0">
    <skipped/>
  </testcase> <!-- toVerifyClickOnAssessmentFeedingCaseMenu -->
  <testcase classname="com.vigilEye.test.AssessmentFeedingCaseTest" name="toverifyHeaderName" time="0.0">
    <skipped/>
  </testcase> <!-- toverifyHeaderName -->
  <testcase classname="com.vigilEye.test.AssessmentFeedingCaseTest" name="toveriyCountOfAssessmentApprovalCase" time="0.0">
    <skipped/>
  </testcase> <!-- toveriyCountOfAssessmentApprovalCase -->
  <testcase classname="com.vigilEye.test.AssessmentFeedingCaseTest" name="toveriyfetchedAssessmentAprovedCaseDetailsFromTable" time="0.0">
    <skipped/>
  </testcase> <!-- toveriyfetchedAssessmentAprovedCaseDetailsFromTable -->
  <testcase classname="com.vigilEye.test.AssessmentFeedingCaseTest" name="AssessmentFeeding" time="0.0">
    <skipped/>
  </testcase> <!-- AssessmentFeeding -->
  <testcase classname="com.vigilEye.test.AssessmentFeedingCaseTest" name="SavedAssessmentFeedingCaseDetailsInExcelFile" time="0.0">
    <skipped/>
  </testcase> <!-- SavedAssessmentFeedingCaseDetailsInExcelFile -->
</testsuite> <!-- VigilanceTest -->
